Flow report for freq
Thu Jan 15 12:12:47 2015
Quartus II Version 9.0 Build 132 02/25/2009 SJ Full Version


---------------------
; Table of Contents ;
---------------------
  1. Legal Notice
  2. Flow Summary
  3. Flow Settings
  4. Flow Non-Default Global Settings
  5. Flow Elapsed Time
  6. Flow OS Summary
  7. Flow Log



----------------
; Legal Notice ;
----------------
Copyright (C) 1991-2009 Altera Corporation
Your use of Altera Corporation's design tools, logic functions 
and other software and tools, and its AMPP partner logic 
functions, and any output files from any of the foregoing 
(including device programming or simulation files), and any 
associated documentation or information are expressly subject 
to the terms and conditions of the Altera Program License 
Subscription Agreement, Altera MegaCore Function License 
Agreement, or other applicable license agreement, including, 
without limitation, that your use is for the sole purpose of 
programming logic devices manufactured by Altera and sold by 
Altera or its authorized distributors.  Please refer to the 
applicable agreement for further details.



+--------------------------------------------------------------------+
; Flow Summary                                                       ;
+-------------------------+------------------------------------------+
; Flow Status             ; Successful - Thu Jan 15 12:12:47 2015    ;
; Quartus II Version      ; 9.0 Build 132 02/25/2009 SJ Full Version ;
; Revision Name           ; freq                                     ;
; Top-level Entity Name   ; freq                                     ;
; Family                  ; MAX II                                   ;
; Device                  ; EPM240T100C5                             ;
; Timing Models           ; Final                                    ;
; Met timing requirements ; No                                       ;
; Total logic elements    ; 172 / 240 ( 72 % )                       ;
; Total pins              ; 68 / 80 ( 85 % )                         ;
; Total virtual pins      ; 0                                        ;
; UFM blocks              ; 0 / 1 ( 0 % )                            ;
+-------------------------+------------------------------------------+


+-----------------------------------------+
; Flow Settings                           ;
+-------------------+---------------------+
; Option            ; Setting             ;
+-------------------+---------------------+
; Start date & time ; 01/15/2015 12:12:40 ;
; Main task         ; Compilation         ;
; Revision Name     ; freq                ;
+-------------------+---------------------+


+--------------------------------------------------------------------------------------------------------------------------------+
; Flow Non-Default Global Settings                                                                                               ;
+---------------------------------------+-----------------------------------------+---------------+-------------+----------------+
; Assignment Name                       ; Value                                   ; Default Value ; Entity Name ; Section Id     ;
+---------------------------------------+-----------------------------------------+---------------+-------------+----------------+
; COMPILER_SIGNATURE_ID                 ; 115052585633827.142129516000988         ; --            ; --          ; --             ;
; MAX_CORE_JUNCTION_TEMP                ; 85                                      ; --            ; --          ; --             ;
; MIN_CORE_JUNCTION_TEMP                ; 0                                       ; --            ; --          ; --             ;
; MISC_FILE                             ; E:/Workspace/Quartus/freq3/freq.dpf     ; --            ; --          ; --             ;
; MISC_FILE                             ; E:/Workspace/Quartus/freq5_key/freq.dpf ; --            ; --          ; --             ;
; POWER_EXT_SUPPLY_VOLTAGE_TO_REGULATOR ; 3.3V                                    ; --            ; --          ; --             ;
; USE_GENERATED_PHYSICAL_CONSTRAINTS    ; Off                                     ; --            ; --          ; eda_blast_fpga ;
+---------------------------------------+-----------------------------------------+---------------+-------------+----------------+


+-----------------------------------------------------------------------------------------------------------------------------+
; Flow Elapsed Time                                                                                                           ;
+-------------------------+--------------+-------------------------+---------------------+------------------------------------+
; Module Name             ; Elapsed Time ; Average Processors Used ; Peak Virtual Memory ; Total CPU Time (on all processors) ;
+-------------------------+--------------+-------------------------+---------------------+------------------------------------+
; Analysis & Synthesis    ; 00:00:02     ; 1.0                     ; 218 MB              ; 00:00:01                           ;
; Fitter                  ; 00:00:01     ; 1.0                     ; 233 MB              ; 00:00:01                           ;
; Assembler               ; 00:00:02     ; 1.0                     ; 191 MB              ; 00:00:02                           ;
; Classic Timing Analyzer ; 00:00:00     ; 1.0                     ; 165 MB              ; 00:00:01                           ;
; Total                   ; 00:00:05     ; --                      ; --                  ; 00:00:05                           ;
+-------------------------+--------------+-------------------------+---------------------+------------------------------------+


+------------------------------------------------------------------------------------------+
; Flow OS Summary                                                                          ;
+-------------------------+------------------+---------------+------------+----------------+
; Module Name             ; Machine Hostname ; OS Name       ; OS Version ; Processor type ;
+-------------------------+------------------+---------------+------------+----------------+
; Analysis & Synthesis    ; PurpleSword      ; Windows Vista ; 6.1        ; x86_64         ;
; Fitter                  ; PurpleSword      ; Windows Vista ; 6.1        ; x86_64         ;
; Assembler               ; PurpleSword      ; Windows Vista ; 6.1        ; x86_64         ;
; Classic Timing Analyzer ; PurpleSword      ; Windows Vista ; 6.1        ; x86_64         ;
+-------------------------+------------------+---------------+------------+----------------+


------------
; Flow Log ;
------------
quartus_map --read_settings_files=on --write_settings_files=off freq -c freq
quartus_fit --read_settings_files=off --write_settings_files=off freq -c freq
quartus_asm --read_settings_files=off --write_settings_files=off freq -c freq
quartus_tan --read_settings_files=off --write_settings_files=off freq -c freq



