Fitter report for freq
Thu Jan 15 12:12:43 2015
Quartus II Version 9.0 Build 132 02/25/2009 SJ Full Version


---------------------
; Table of Contents ;
---------------------
  1. Legal Notice
  2. Fitter Summary
  3. Fitter Settings
  4. Parallel Compilation
  5. Pin-Out File
  6. Fitter Resource Usage Summary
  7. Input Pins
  8. Output Pins
  9. I/O Bank Usage
 10. All Package Pins
 11. Output Pin Default Load For Reported TCO
 12. Fitter Resource Utilization by Entity
 13. Delay Chain Summary
 14. Control Signals
 15. Global & Other Fast Signals
 16. Non-Global High Fan-Out Signals
 17. Interconnect Usage Summary
 18. LAB Logic Elements
 19. LAB-wide Signals
 20. LAB Signals Sourced
 21. LAB Signals Sourced Out
 22. LAB Distinct Inputs
 23. Fitter Device Options
 24. Estimated Delay Added for Hold Timing
 25. Fitter Messages
 26. Fitter Suppressed Messages



----------------
; Legal Notice ;
----------------
Copyright (C) 1991-2009 Altera Corporation
Your use of Altera Corporation's design tools, logic functions 
and other software and tools, and its AMPP partner logic 
functions, and any output files from any of the foregoing 
(including device programming or simulation files), and any 
associated documentation or information are expressly subject 
to the terms and conditions of the Altera Program License 
Subscription Agreement, Altera MegaCore Function License 
Agreement, or other applicable license agreement, including, 
without limitation, that your use is for the sole purpose of 
programming logic devices manufactured by Altera and sold by 
Altera or its authorized distributors.  Please refer to the 
applicable agreement for further details.



+------------------------------------------------------------------+
; Fitter Summary                                                   ;
+-----------------------+------------------------------------------+
; Fitter Status         ; Successful - Thu Jan 15 12:12:43 2015    ;
; Quartus II Version    ; 9.0 Build 132 02/25/2009 SJ Full Version ;
; Revision Name         ; freq                                     ;
; Top-level Entity Name ; freq                                     ;
; Family                ; MAX II                                   ;
; Device                ; EPM240T100C5                             ;
; Timing Models         ; Final                                    ;
; Total logic elements  ; 172 / 240 ( 72 % )                       ;
; Total pins            ; 68 / 80 ( 85 % )                         ;
; Total virtual pins    ; 0                                        ;
; UFM blocks            ; 0 / 1 ( 0 % )                            ;
+-----------------------+------------------------------------------+


+--------------------------------------------------------------------------------------------------------------------------------------+
; Fitter Settings                                                                                                                      ;
+--------------------------------------------------------------------+--------------------------------+--------------------------------+
; Option                                                             ; Setting                        ; Default Value                  ;
+--------------------------------------------------------------------+--------------------------------+--------------------------------+
; Device                                                             ; EPM240T100C5                   ;                                ;
; Minimum Core Junction Temperature                                  ; 0                              ;                                ;
; Maximum Core Junction Temperature                                  ; 85                             ;                                ;
; Fit Attempts to Skip                                               ; 0                              ; 0.0                            ;
; Device I/O Standard                                                ; 3.3-V LVTTL                    ;                                ;
; Use smart compilation                                              ; Off                            ; Off                            ;
; Use TimeQuest Timing Analyzer                                      ; Off                            ; Off                            ;
; Router Timing Optimization Level                                   ; Normal                         ; Normal                         ;
; Placement Effort Multiplier                                        ; 1.0                            ; 1.0                            ;
; Router Effort Multiplier                                           ; 1.0                            ; 1.0                            ;
; Always Enable Input Buffers                                        ; Off                            ; Off                            ;
; Optimize Hold Timing                                               ; IO Paths and Minimum TPD Paths ; IO Paths and Minimum TPD Paths ;
; Optimize Multi-Corner Timing                                       ; Off                            ; Off                            ;
; Guarantee I/O Paths Have Zero Hold Time at Fast Corner             ; On                             ; On                             ;
; PowerPlay Power Optimization                                       ; Normal compilation             ; Normal compilation             ;
; Optimize Timing                                                    ; Normal compilation             ; Normal compilation             ;
; Optimize Timing for ECOs                                           ; Off                            ; Off                            ;
; Regenerate full fit report during ECO compiles                     ; Off                            ; Off                            ;
; Optimize IOC Register Placement for Timing                         ; On                             ; On                             ;
; Limit to One Fitting Attempt                                       ; Off                            ; Off                            ;
; Final Placement Optimizations                                      ; Automatically                  ; Automatically                  ;
; Fitter Aggressive Routability Optimizations                        ; Automatically                  ; Automatically                  ;
; Fitter Initial Placement Seed                                      ; 1                              ; 1                              ;
; Slow Slew Rate                                                     ; Off                            ; Off                            ;
; PCI I/O                                                            ; Off                            ; Off                            ;
; Weak Pull-Up Resistor                                              ; Off                            ; Off                            ;
; Enable Bus-Hold Circuitry                                          ; Off                            ; Off                            ;
; Auto Delay Chains                                                  ; On                             ; On                             ;
; Perform Physical Synthesis for Combinational Logic for Performance ; Off                            ; Off                            ;
; Perform Register Duplication for Performance                       ; Off                            ; Off                            ;
; Perform Register Retiming for Performance                          ; Off                            ; Off                            ;
; Perform Asynchronous Signal Pipelining                             ; Off                            ; Off                            ;
; Fitter Effort                                                      ; Auto Fit                       ; Auto Fit                       ;
; Physical Synthesis Effort Level                                    ; Normal                         ; Normal                         ;
; Logic Cell Insertion - Logic Duplication                           ; Auto                           ; Auto                           ;
; Auto Register Duplication                                          ; Auto                           ; Auto                           ;
; Auto Global Clock                                                  ; On                             ; On                             ;
; Auto Global Register Control Signals                               ; On                             ; On                             ;
; Stop After Congestion Map Generation                               ; Off                            ; Off                            ;
; Save Intermediate Fitting Results                                  ; Off                            ; Off                            ;
; Force Fitter to Avoid Periphery Placement Warnings                 ; Off                            ; Off                            ;
+--------------------------------------------------------------------+--------------------------------+--------------------------------+


+------------------------------------------+
; Parallel Compilation                     ;
+----------------------------+-------------+
; Processors                 ; Number      ;
+----------------------------+-------------+
; Number detected on machine ; 2           ;
; Maximum allowed            ; 2           ;
;                            ;             ;
; Average used               ; 1.00        ;
; Maximum used               ; 2           ;
;                            ;             ;
; Usage by Processor         ; % Time Used ;
;     1 processor            ; 100.0%      ;
;     2 processors           ; < 0.1%      ;
+----------------------------+-------------+


+--------------+
; Pin-Out File ;
+--------------+
The pin-out file can be found in E:/Workspace/Quartus/freq9_2/freq.pin.


+------------------------------------------------------------------+
; Fitter Resource Usage Summary                                    ;
+---------------------------------------------+--------------------+
; Resource                                    ; Usage              ;
+---------------------------------------------+--------------------+
; Total logic elements                        ; 172 / 240 ( 72 % ) ;
;     -- Combinational with no register       ; 80                 ;
;     -- Register only                        ; 15                 ;
;     -- Combinational with a register        ; 77                 ;
;                                             ;                    ;
; Logic element usage by number of LUT inputs ;                    ;
;     -- 4 input functions                    ; 60                 ;
;     -- 3 input functions                    ; 45                 ;
;     -- 2 input functions                    ; 48                 ;
;     -- 1 input functions                    ; 3                  ;
;     -- 0 input functions                    ; 1                  ;
;                                             ;                    ;
; Logic elements by mode                      ;                    ;
;     -- normal mode                          ; 119                ;
;     -- arithmetic mode                      ; 53                 ;
;     -- qfbk mode                            ; 13                 ;
;     -- register cascade mode                ; 0                  ;
;     -- synchronous clear/load mode          ; 53                 ;
;     -- asynchronous clear/load mode         ; 0                  ;
;                                             ;                    ;
; Total registers                             ; 92 / 240 ( 38 % )  ;
; Total LABs                                  ; 21 / 24 ( 88 % )   ;
; Logic elements in carry chains              ; 57                 ;
; User inserted logic elements                ; 0                  ;
; Virtual pins                                ; 0                  ;
; I/O pins                                    ; 68 / 80 ( 85 % )   ;
;     -- Clock pins                           ; 4                  ;
; Global signals                              ; 4                  ;
; UFM blocks                                  ; 0 / 1 ( 0 % )      ;
; Global clocks                               ; 4 / 4 ( 100 % )    ;
; JTAGs                                       ; 0 / 1 ( 0 % )      ;
; Average interconnect usage (total/H/V)      ; 24% / 28% / 20%    ;
; Peak interconnect usage (total/H/V)         ; 24% / 28% / 20%    ;
; Maximum fan-out node                        ; clk_cnt~2          ;
; Maximum fan-out                             ; 67                 ;
; Highest non-global fan-out signal           ; ss.ss_count_mt     ;
; Highest non-global fan-out                  ; 41                 ;
; Total fan-out                               ; 786                ;
; Average fan-out                             ; 3.27               ;
+---------------------------------------------+--------------------+


+-----------------------------------------------------------------------------------------------------------------------------------------------------------------------------------------------------------------+
; Input Pins                                                                                                                                                                                                      ;
+----------+-------+----------+--------------+--------------+-------------+-----------------------+--------------------+--------+-----------------+----------+--------------+--------------+----------------------+
; Name     ; Pin # ; I/O Bank ; X coordinate ; Y coordinate ; Cell number ; Combinational Fan-Out ; Registered Fan-Out ; Global ; PCI I/O Enabled ; Bus Hold ; Weak Pull Up ; I/O Standard ; Location assigned by ;
+----------+-------+----------+--------------+--------------+-------------+-----------------------+--------------------+--------+-----------------+----------+--------------+--------------+----------------------+
; clk      ; 14    ; 1        ; 1            ; 2            ; 0           ; 15                    ; 0                  ; yes    ; no              ; no       ; Off          ; 3.3-V LVTTL  ; User                 ;
; key      ; 26    ; 1        ; 2            ; 0            ; 3           ; 2                     ; 0                  ; no     ; no              ; no       ; Off          ; 3.3-V LVTTL  ; User                 ;
; signal_f ; 73    ; 2        ; 8            ; 4            ; 1           ; 1                     ; 0                  ; no     ; no              ; no       ; Off          ; 3.3-V LVTTL  ; User                 ;
; signal_t ; 76    ; 2        ; 7            ; 5            ; 1           ; 1                     ; 0                  ; no     ; no              ; no       ; Off          ; 3.3-V LVTTL  ; Fitter               ;
+----------+-------+----------+--------------+--------------+-------------+-----------------------+--------------------+--------+-----------------+----------+--------------+--------------+----------------------+


+--------------------------------------------------------------------------------------------------------------------------------------------------------------------------------------------------------------------------------------------------------------------------------+
; Output Pins                                                                                                                                                                                                                                                                    ;
+-----------+-------+----------+--------------+--------------+-------------+-----------------+----------------+-----------------+------------+---------------+----------+--------------+--------------+------------------+------------------------+----------------------+-------+
; Name      ; Pin # ; I/O Bank ; X coordinate ; Y coordinate ; Cell number ; Output Register ; Slow Slew Rate ; PCI I/O Enabled ; Open Drain ; TRI Primitive ; Bus Hold ; Weak Pull Up ; I/O Standard ; Current Strength ; Fast Output Connection ; Location assigned by ; Load  ;
+-----------+-------+----------+--------------+--------------+-------------+-----------------+----------------+-----------------+------------+---------------+----------+--------------+--------------+------------------+------------------------+----------------------+-------+
; calc      ; 84    ; 2        ; 6            ; 5            ; 3           ; no              ; no             ; no              ; no         ; no            ; no       ; Off          ; 3.3-V LVTTL  ; 16mA             ; no                     ; Fitter               ; 10 pF ;
; clk_cnt   ; 34    ; 1        ; 3            ; 0            ; 1           ; no              ; no             ; no              ; no         ; no            ; no       ; Off          ; 3.3-V LVTTL  ; 16mA             ; no                     ; Fitter               ; 10 pF ;
; div[0]    ; 96    ; 2        ; 3            ; 5            ; 2           ; no              ; no             ; no              ; no         ; no            ; no       ; Off          ; 3.3-V LVTTL  ; 16mA             ; no                     ; Fitter               ; 10 pF ;
; div[10]   ; 40    ; 1        ; 5            ; 0            ; 2           ; no              ; no             ; no              ; no         ; no            ; no       ; Off          ; 3.3-V LVTTL  ; 16mA             ; no                     ; Fitter               ; 10 pF ;
; div[11]   ; 20    ; 1        ; 1            ; 1            ; 2           ; no              ; no             ; no              ; no         ; no            ; no       ; Off          ; 3.3-V LVTTL  ; 16mA             ; no                     ; Fitter               ; 10 pF ;
; div[12]   ; 52    ; 2        ; 8            ; 1            ; 4           ; no              ; no             ; no              ; no         ; no            ; no       ; Off          ; 3.3-V LVTTL  ; 16mA             ; no                     ; Fitter               ; 10 pF ;
; div[13]   ; 19    ; 1        ; 1            ; 1            ; 1           ; no              ; no             ; no              ; no         ; no            ; no       ; Off          ; 3.3-V LVTTL  ; 16mA             ; no                     ; Fitter               ; 10 pF ;
; div[14]   ; 35    ; 1        ; 3            ; 0            ; 0           ; no              ; no             ; no              ; no         ; no            ; no       ; Off          ; 3.3-V LVTTL  ; 16mA             ; no                     ; Fitter               ; 10 pF ;
; div[15]   ; 43    ; 1        ; 6            ; 0            ; 3           ; no              ; no             ; no              ; no         ; no            ; no       ; Off          ; 3.3-V LVTTL  ; 16mA             ; no                     ; Fitter               ; 10 pF ;
; div[16]   ; 38    ; 1        ; 4            ; 0            ; 0           ; no              ; no             ; no              ; no         ; no            ; no       ; Off          ; 3.3-V LVTTL  ; 16mA             ; no                     ; Fitter               ; 10 pF ;
; div[17]   ; 36    ; 1        ; 4            ; 0            ; 2           ; no              ; no             ; no              ; no         ; no            ; no       ; Off          ; 3.3-V LVTTL  ; 16mA             ; yes                    ; Fitter               ; 10 pF ;
; div[18]   ; 37    ; 1        ; 4            ; 0            ; 1           ; no              ; no             ; no              ; no         ; no            ; no       ; Off          ; 3.3-V LVTTL  ; 16mA             ; no                     ; Fitter               ; 10 pF ;
; div[19]   ; 42    ; 1        ; 5            ; 0            ; 0           ; no              ; no             ; no              ; no         ; no            ; no       ; Off          ; 3.3-V LVTTL  ; 16mA             ; no                     ; Fitter               ; 10 pF ;
; div[1]    ; 98    ; 2        ; 2            ; 5            ; 0           ; no              ; no             ; no              ; no         ; no            ; no       ; Off          ; 3.3-V LVTTL  ; 16mA             ; no                     ; Fitter               ; 10 pF ;
; div[2]    ; 30    ; 1        ; 3            ; 0            ; 3           ; no              ; no             ; no              ; no         ; no            ; no       ; Off          ; 3.3-V LVTTL  ; 16mA             ; no                     ; Fitter               ; 10 pF ;
; div[3]    ; 53    ; 2        ; 8            ; 1            ; 3           ; no              ; no             ; no              ; no         ; no            ; no       ; Off          ; 3.3-V LVTTL  ; 16mA             ; no                     ; Fitter               ; 10 pF ;
; div[4]    ; 99    ; 2        ; 2            ; 5            ; 1           ; no              ; no             ; no              ; no         ; no            ; no       ; Off          ; 3.3-V LVTTL  ; 16mA             ; no                     ; Fitter               ; 10 pF ;
; div[5]    ; 89    ; 2        ; 4            ; 5            ; 0           ; no              ; no             ; no              ; no         ; no            ; no       ; Off          ; 3.3-V LVTTL  ; 16mA             ; no                     ; Fitter               ; 10 pF ;
; div[6]    ; 95    ; 2        ; 3            ; 5            ; 1           ; no              ; no             ; no              ; no         ; no            ; no       ; Off          ; 3.3-V LVTTL  ; 16mA             ; no                     ; Fitter               ; 10 pF ;
; div[7]    ; 33    ; 1        ; 3            ; 0            ; 2           ; no              ; no             ; no              ; no         ; no            ; no       ; Off          ; 3.3-V LVTTL  ; 16mA             ; yes                    ; Fitter               ; 10 pF ;
; div[8]    ; 92    ; 2        ; 3            ; 5            ; 0           ; no              ; no             ; no              ; no         ; no            ; no       ; Off          ; 3.3-V LVTTL  ; 16mA             ; no                     ; Fitter               ; 10 pF ;
; div[9]    ; 97    ; 2        ; 3            ; 5            ; 3           ; no              ; no             ; no              ; no         ; no            ; no       ; Off          ; 3.3-V LVTTL  ; 16mA             ; no                     ; Fitter               ; 10 pF ;
; gate      ; 78    ; 2        ; 7            ; 5            ; 3           ; no              ; no             ; no              ; no         ; no            ; no       ; Off          ; 3.3-V LVTTL  ; 16mA             ; no                     ; Fitter               ; 10 pF ;
; m[0]      ; 62    ; 2        ; 8            ; 2            ; 0           ; no              ; no             ; no              ; no         ; no            ; no       ; Off          ; 3.3-V LVTTL  ; 16mA             ; no                     ; Fitter               ; 10 pF ;
; m[10]     ; 67    ; 2        ; 8            ; 3            ; 2           ; no              ; no             ; no              ; no         ; no            ; no       ; Off          ; 3.3-V LVTTL  ; 16mA             ; no                     ; Fitter               ; 10 pF ;
; m[11]     ; 44    ; 1        ; 6            ; 0            ; 2           ; no              ; no             ; no              ; no         ; no            ; no       ; Off          ; 3.3-V LVTTL  ; 16mA             ; no                     ; Fitter               ; 10 pF ;
; m[12]     ; 54    ; 2        ; 8            ; 1            ; 2           ; no              ; no             ; no              ; no         ; no            ; no       ; Off          ; 3.3-V LVTTL  ; 16mA             ; yes                    ; Fitter               ; 10 pF ;
; m[13]     ; 47    ; 1        ; 6            ; 0            ; 1           ; no              ; no             ; no              ; no         ; no            ; no       ; Off          ; 3.3-V LVTTL  ; 16mA             ; no                     ; Fitter               ; 10 pF ;
; m[14]     ; 82    ; 2        ; 6            ; 5            ; 1           ; no              ; no             ; no              ; no         ; no            ; no       ; Off          ; 3.3-V LVTTL  ; 16mA             ; no                     ; Fitter               ; 10 pF ;
; m[15]     ; 77    ; 2        ; 7            ; 5            ; 2           ; no              ; no             ; no              ; no         ; no            ; no       ; Off          ; 3.3-V LVTTL  ; 16mA             ; no                     ; Fitter               ; 10 pF ;
; m[1]      ; 83    ; 2        ; 6            ; 5            ; 2           ; no              ; no             ; no              ; no         ; no            ; no       ; Off          ; 3.3-V LVTTL  ; 16mA             ; no                     ; Fitter               ; 10 pF ;
; m[2]      ; 72    ; 2        ; 8            ; 4            ; 2           ; no              ; no             ; no              ; no         ; no            ; no       ; Off          ; 3.3-V LVTTL  ; 16mA             ; no                     ; Fitter               ; 10 pF ;
; m[3]      ; 64    ; 2        ; 8            ; 3            ; 4           ; no              ; no             ; no              ; no         ; no            ; no       ; Off          ; 3.3-V LVTTL  ; 16mA             ; yes                    ; Fitter               ; 10 pF ;
; m[4]      ; 71    ; 2        ; 8            ; 4            ; 3           ; no              ; no             ; no              ; no         ; no            ; no       ; Off          ; 3.3-V LVTTL  ; 16mA             ; no                     ; Fitter               ; 10 pF ;
; m[5]      ; 12    ; 1        ; 1            ; 3            ; 3           ; no              ; no             ; no              ; no         ; no            ; no       ; Off          ; 3.3-V LVTTL  ; 16mA             ; no                     ; Fitter               ; 10 pF ;
; m[6]      ; 27    ; 1        ; 2            ; 0            ; 2           ; no              ; no             ; no              ; no         ; no            ; no       ; Off          ; 3.3-V LVTTL  ; 16mA             ; yes                    ; Fitter               ; 10 pF ;
; m[7]      ; 68    ; 2        ; 8            ; 3            ; 1           ; no              ; no             ; no              ; no         ; no            ; no       ; Off          ; 3.3-V LVTTL  ; 16mA             ; no                     ; Fitter               ; 10 pF ;
; m[8]      ; 21    ; 1        ; 1            ; 1            ; 3           ; no              ; no             ; no              ; no         ; no            ; no       ; Off          ; 3.3-V LVTTL  ; 16mA             ; no                     ; Fitter               ; 10 pF ;
; m[9]      ; 56    ; 2        ; 8            ; 1            ; 0           ; no              ; no             ; no              ; no         ; no            ; no       ; Off          ; 3.3-V LVTTL  ; 16mA             ; yes                    ; Fitter               ; 10 pF ;
; mode      ; 70    ; 2        ; 8            ; 4            ; 4           ; no              ; no             ; no              ; no         ; no            ; no       ; Off          ; 3.3-V LVTTL  ; 16mA             ; no                     ; Fitter               ; 10 pF ;
; mt[0]     ; 88    ; 2        ; 5            ; 5            ; 3           ; no              ; no             ; no              ; no         ; no            ; no       ; Off          ; 3.3-V LVTTL  ; 16mA             ; no                     ; Fitter               ; 10 pF ;
; mt[10]    ; 49    ; 1        ; 7            ; 0            ; 2           ; no              ; no             ; no              ; no         ; no            ; no       ; Off          ; 3.3-V LVTTL  ; 16mA             ; no                     ; Fitter               ; 10 pF ;
; mt[11]    ; 55    ; 2        ; 8            ; 1            ; 1           ; no              ; no             ; no              ; no         ; no            ; no       ; Off          ; 3.3-V LVTTL  ; 16mA             ; no                     ; Fitter               ; 10 pF ;
; mt[1]     ; 58    ; 2        ; 8            ; 2            ; 2           ; no              ; no             ; no              ; no         ; no            ; no       ; Off          ; 3.3-V LVTTL  ; 16mA             ; no                     ; Fitter               ; 10 pF ;
; mt[2]     ; 39    ; 1        ; 5            ; 0            ; 3           ; no              ; no             ; no              ; no         ; no            ; no       ; Off          ; 3.3-V LVTTL  ; 16mA             ; no                     ; Fitter               ; 10 pF ;
; mt[3]     ; 100   ; 2        ; 2            ; 5            ; 2           ; no              ; no             ; no              ; no         ; no            ; no       ; Off          ; 3.3-V LVTTL  ; 16mA             ; no                     ; Fitter               ; 10 pF ;
; mt[4]     ; 61    ; 2        ; 8            ; 2            ; 1           ; no              ; no             ; no              ; no         ; no            ; no       ; Off          ; 3.3-V LVTTL  ; 16mA             ; no                     ; Fitter               ; 10 pF ;
; mt[5]     ; 85    ; 2        ; 5            ; 5            ; 0           ; no              ; no             ; no              ; no         ; no            ; no       ; Off          ; 3.3-V LVTTL  ; 16mA             ; no                     ; Fitter               ; 10 pF ;
; mt[6]     ; 81    ; 2        ; 6            ; 5            ; 0           ; no              ; no             ; no              ; no         ; no            ; no       ; Off          ; 3.3-V LVTTL  ; 16mA             ; no                     ; Fitter               ; 10 pF ;
; mt[7]     ; 57    ; 2        ; 8            ; 2            ; 3           ; no              ; no             ; no              ; no         ; no            ; no       ; Off          ; 3.3-V LVTTL  ; 16mA             ; no                     ; Fitter               ; 10 pF ;
; mt[8]     ; 69    ; 2        ; 8            ; 3            ; 0           ; no              ; no             ; no              ; no         ; no            ; no       ; Off          ; 3.3-V LVTTL  ; 16mA             ; no                     ; Fitter               ; 10 pF ;
; mt[9]     ; 48    ; 1        ; 6            ; 0            ; 0           ; no              ; no             ; no              ; no         ; no            ; no       ; Off          ; 3.3-V LVTTL  ; 16mA             ; no                     ; Fitter               ; 10 pF ;
; segdat[0] ; 1     ; 2        ; 2            ; 5            ; 3           ; no              ; no             ; no              ; no         ; no            ; no       ; Off          ; 3.3-V LVTTL  ; 16mA             ; yes                    ; User                 ; 10 pF ;
; segdat[1] ; 2     ; 1        ; 1            ; 4            ; 0           ; no              ; no             ; no              ; no         ; no            ; no       ; Off          ; 3.3-V LVTTL  ; 16mA             ; no                     ; User                 ; 10 pF ;
; segdat[2] ; 3     ; 1        ; 1            ; 4            ; 1           ; no              ; no             ; no              ; no         ; no            ; no       ; Off          ; 3.3-V LVTTL  ; 16mA             ; yes                    ; User                 ; 10 pF ;
; segdat[3] ; 4     ; 1        ; 1            ; 4            ; 2           ; no              ; no             ; no              ; no         ; no            ; no       ; Off          ; 3.3-V LVTTL  ; 16mA             ; yes                    ; User                 ; 10 pF ;
; segdat[4] ; 5     ; 1        ; 1            ; 4            ; 3           ; no              ; no             ; no              ; no         ; no            ; no       ; Off          ; 3.3-V LVTTL  ; 16mA             ; yes                    ; User                 ; 10 pF ;
; segdat[5] ; 6     ; 1        ; 1            ; 3            ; 0           ; no              ; no             ; no              ; no         ; no            ; no       ; Off          ; 3.3-V LVTTL  ; 16mA             ; no                     ; User                 ; 10 pF ;
; segdat[6] ; 7     ; 1        ; 1            ; 3            ; 1           ; no              ; no             ; no              ; no         ; no            ; no       ; Off          ; 3.3-V LVTTL  ; 16mA             ; no                     ; User                 ; 10 pF ;
; segdat[7] ; 8     ; 1        ; 1            ; 3            ; 2           ; no              ; no             ; no              ; no         ; no            ; no       ; Off          ; 3.3-V LVTTL  ; 16mA             ; no                     ; User                 ; 10 pF ;
; segpos[0] ; 18    ; 1        ; 1            ; 1            ; 0           ; no              ; no             ; no              ; no         ; no            ; no       ; Off          ; 3.3-V LVTTL  ; 16mA             ; no                     ; User                 ; 10 pF ;
; segpos[1] ; 17    ; 1        ; 1            ; 2            ; 3           ; no              ; no             ; no              ; no         ; no            ; no       ; Off          ; 3.3-V LVTTL  ; 16mA             ; no                     ; User                 ; 10 pF ;
; segpos[2] ; 16    ; 1        ; 1            ; 2            ; 2           ; no              ; no             ; no              ; no         ; no            ; no       ; Off          ; 3.3-V LVTTL  ; 16mA             ; no                     ; User                 ; 10 pF ;
; segpos[3] ; 15    ; 1        ; 1            ; 2            ; 1           ; no              ; no             ; no              ; no         ; no            ; no       ; Off          ; 3.3-V LVTTL  ; 16mA             ; no                     ; User                 ; 10 pF ;
+-----------+-------+----------+--------------+--------------+-------------+-----------------+----------------+-----------------+------------+---------------+----------+--------------+--------------+------------------+------------------------+----------------------+-------+


+------------------------------------------------------------+
; I/O Bank Usage                                             ;
+----------+------------------+---------------+--------------+
; I/O Bank ; Usage            ; VCCIO Voltage ; VREF Voltage ;
+----------+------------------+---------------+--------------+
; 1        ; 33 / 38 ( 87 % ) ; 3.3V          ; --           ;
; 2        ; 35 / 42 ( 83 % ) ; 3.3V          ; --           ;
+----------+------------------+---------------+--------------+


+------------------------------------------------------------------------------------------------------------------------------------------------+
; All Package Pins                                                                                                                               ;
+----------+------------+----------+----------------+--------+--------------+-----------+------------+-----------------+----------+--------------+
; Location ; Pad Number ; I/O Bank ; Pin Name/Usage ; Dir.   ; I/O Standard ; Voltage   ; I/O Type   ; User Assignment ; Bus Hold ; Weak Pull Up ;
+----------+------------+----------+----------------+--------+--------------+-----------+------------+-----------------+----------+--------------+
; 1        ; 83         ; 2        ; segdat[0]      ; output ; 3.3-V LVTTL  ;           ; Column I/O ; Y               ; no       ; Off          ;
; 2        ; 0          ; 1        ; segdat[1]      ; output ; 3.3-V LVTTL  ;           ; Row I/O    ; Y               ; no       ; Off          ;
; 3        ; 1          ; 1        ; segdat[2]      ; output ; 3.3-V LVTTL  ;           ; Row I/O    ; Y               ; no       ; Off          ;
; 4        ; 2          ; 1        ; segdat[3]      ; output ; 3.3-V LVTTL  ;           ; Row I/O    ; Y               ; no       ; Off          ;
; 5        ; 3          ; 1        ; segdat[4]      ; output ; 3.3-V LVTTL  ;           ; Row I/O    ; Y               ; no       ; Off          ;
; 6        ; 4          ; 1        ; segdat[5]      ; output ; 3.3-V LVTTL  ;           ; Row I/O    ; Y               ; no       ; Off          ;
; 7        ; 5          ; 1        ; segdat[6]      ; output ; 3.3-V LVTTL  ;           ; Row I/O    ; Y               ; no       ; Off          ;
; 8        ; 6          ; 1        ; segdat[7]      ; output ; 3.3-V LVTTL  ;           ; Row I/O    ; Y               ; no       ; Off          ;
; 9        ;            ; 1        ; VCCIO1         ; power  ;              ; 3.3V      ; --         ;                 ; --       ; --           ;
; 10       ;            ;          ; GNDIO          ; gnd    ;              ;           ; --         ;                 ; --       ; --           ;
; 11       ;            ;          ; GNDINT         ; gnd    ;              ;           ; --         ;                 ; --       ; --           ;
; 12       ; 7          ; 1        ; m[5]           ; output ; 3.3-V LVTTL  ;           ; Row I/O    ; N               ; no       ; Off          ;
; 13       ;            ;          ; VCCINT         ; power  ;              ; 2.5V/3.3V ; --         ;                 ; --       ; --           ;
; 14       ; 8          ; 1        ; clk            ; input  ; 3.3-V LVTTL  ;           ; Row I/O    ; Y               ; no       ; Off          ;
; 15       ; 9          ; 1        ; segpos[3]      ; output ; 3.3-V LVTTL  ;           ; Row I/O    ; Y               ; no       ; Off          ;
; 16       ; 10         ; 1        ; segpos[2]      ; output ; 3.3-V LVTTL  ;           ; Row I/O    ; Y               ; no       ; Off          ;
; 17       ; 11         ; 1        ; segpos[1]      ; output ; 3.3-V LVTTL  ;           ; Row I/O    ; Y               ; no       ; Off          ;
; 18       ; 12         ; 1        ; segpos[0]      ; output ; 3.3-V LVTTL  ;           ; Row I/O    ; Y               ; no       ; Off          ;
; 19       ; 13         ; 1        ; div[13]        ; output ; 3.3-V LVTTL  ;           ; Row I/O    ; N               ; no       ; Off          ;
; 20       ; 14         ; 1        ; div[11]        ; output ; 3.3-V LVTTL  ;           ; Row I/O    ; N               ; no       ; Off          ;
; 21       ; 15         ; 1        ; m[8]           ; output ; 3.3-V LVTTL  ;           ; Row I/O    ; N               ; no       ; Off          ;
; 22       ; 16         ; 1        ; #TMS           ; input  ;              ;           ; --         ;                 ; --       ; --           ;
; 23       ; 17         ; 1        ; #TDI           ; input  ;              ;           ; --         ;                 ; --       ; --           ;
; 24       ; 18         ; 1        ; #TCK           ; input  ;              ;           ; --         ;                 ; --       ; --           ;
; 25       ; 19         ; 1        ; #TDO           ; output ;              ;           ; --         ;                 ; --       ; --           ;
; 26       ; 20         ; 1        ; key            ; input  ; 3.3-V LVTTL  ;           ; Column I/O ; Y               ; no       ; Off          ;
; 27       ; 21         ; 1        ; m[6]           ; output ; 3.3-V LVTTL  ;           ; Column I/O ; N               ; no       ; Off          ;
; 28       ; 22         ; 1        ; GND*           ;        ;              ;           ; Column I/O ;                 ; no       ; Off          ;
; 29       ; 23         ; 1        ; GND*           ;        ;              ;           ; Column I/O ;                 ; no       ; Off          ;
; 30       ; 24         ; 1        ; div[2]         ; output ; 3.3-V LVTTL  ;           ; Column I/O ; N               ; no       ; Off          ;
; 31       ;            ; 1        ; VCCIO1         ; power  ;              ; 3.3V      ; --         ;                 ; --       ; --           ;
; 32       ;            ;          ; GNDIO          ; gnd    ;              ;           ; --         ;                 ; --       ; --           ;
; 33       ; 25         ; 1        ; div[7]         ; output ; 3.3-V LVTTL  ;           ; Column I/O ; N               ; no       ; Off          ;
; 34       ; 26         ; 1        ; clk_cnt        ; output ; 3.3-V LVTTL  ;           ; Column I/O ; N               ; no       ; Off          ;
; 35       ; 27         ; 1        ; div[14]        ; output ; 3.3-V LVTTL  ;           ; Column I/O ; N               ; no       ; Off          ;
; 36       ; 28         ; 1        ; div[17]        ; output ; 3.3-V LVTTL  ;           ; Column I/O ; N               ; no       ; Off          ;
; 37       ; 29         ; 1        ; div[18]        ; output ; 3.3-V LVTTL  ;           ; Column I/O ; N               ; no       ; Off          ;
; 38       ; 30         ; 1        ; div[16]        ; output ; 3.3-V LVTTL  ;           ; Column I/O ; N               ; no       ; Off          ;
; 39       ; 31         ; 1        ; mt[2]          ; output ; 3.3-V LVTTL  ;           ; Column I/O ; N               ; no       ; Off          ;
; 40       ; 32         ; 1        ; div[10]        ; output ; 3.3-V LVTTL  ;           ; Column I/O ; N               ; no       ; Off          ;
; 41       ; 33         ; 1        ; GND*           ;        ;              ;           ; Column I/O ;                 ; no       ; Off          ;
; 42       ; 34         ; 1        ; div[19]        ; output ; 3.3-V LVTTL  ;           ; Column I/O ; N               ; no       ; Off          ;
; 43       ; 35         ; 1        ; div[15]        ; output ; 3.3-V LVTTL  ;           ; Column I/O ; N               ; no       ; Off          ;
; 44       ; 36         ; 1        ; m[11]          ; output ; 3.3-V LVTTL  ;           ; Column I/O ; N               ; no       ; Off          ;
; 45       ;            ; 1        ; VCCIO1         ; power  ;              ; 3.3V      ; --         ;                 ; --       ; --           ;
; 46       ;            ;          ; GNDIO          ; gnd    ;              ;           ; --         ;                 ; --       ; --           ;
; 47       ; 37         ; 1        ; m[13]          ; output ; 3.3-V LVTTL  ;           ; Column I/O ; N               ; no       ; Off          ;
; 48       ; 38         ; 1        ; mt[9]          ; output ; 3.3-V LVTTL  ;           ; Column I/O ; N               ; no       ; Off          ;
; 49       ; 39         ; 1        ; mt[10]         ; output ; 3.3-V LVTTL  ;           ; Column I/O ; N               ; no       ; Off          ;
; 50       ; 40         ; 1        ; GND*           ;        ;              ;           ; Column I/O ;                 ; no       ; Off          ;
; 51       ; 41         ; 1        ; GND*           ;        ;              ;           ; Column I/O ;                 ; no       ; Off          ;
; 52       ; 42         ; 2        ; div[12]        ; output ; 3.3-V LVTTL  ;           ; Row I/O    ; N               ; no       ; Off          ;
; 53       ; 43         ; 2        ; div[3]         ; output ; 3.3-V LVTTL  ;           ; Row I/O    ; N               ; no       ; Off          ;
; 54       ; 44         ; 2        ; m[12]          ; output ; 3.3-V LVTTL  ;           ; Row I/O    ; N               ; no       ; Off          ;
; 55       ; 45         ; 2        ; mt[11]         ; output ; 3.3-V LVTTL  ;           ; Row I/O    ; N               ; no       ; Off          ;
; 56       ; 46         ; 2        ; m[9]           ; output ; 3.3-V LVTTL  ;           ; Row I/O    ; N               ; no       ; Off          ;
; 57       ; 47         ; 2        ; mt[7]          ; output ; 3.3-V LVTTL  ;           ; Row I/O    ; N               ; no       ; Off          ;
; 58       ; 48         ; 2        ; mt[1]          ; output ; 3.3-V LVTTL  ;           ; Row I/O    ; N               ; no       ; Off          ;
; 59       ;            ; 2        ; VCCIO2         ; power  ;              ; 3.3V      ; --         ;                 ; --       ; --           ;
; 60       ;            ;          ; GNDIO          ; gnd    ;              ;           ; --         ;                 ; --       ; --           ;
; 61       ; 49         ; 2        ; mt[4]          ; output ; 3.3-V LVTTL  ;           ; Row I/O    ; N               ; no       ; Off          ;
; 62       ; 50         ; 2        ; m[0]           ; output ; 3.3-V LVTTL  ;           ; Row I/O    ; N               ; no       ; Off          ;
; 63       ;            ;          ; VCCINT         ; power  ;              ; 2.5V/3.3V ; --         ;                 ; --       ; --           ;
; 64       ; 51         ; 2        ; m[3]           ; output ; 3.3-V LVTTL  ;           ; Row I/O    ; N               ; no       ; Off          ;
; 65       ;            ;          ; GNDINT         ; gnd    ;              ;           ; --         ;                 ; --       ; --           ;
; 66       ; 52         ; 2        ; GND*           ;        ;              ;           ; Row I/O    ;                 ; no       ; Off          ;
; 67       ; 53         ; 2        ; m[10]          ; output ; 3.3-V LVTTL  ;           ; Row I/O    ; N               ; no       ; Off          ;
; 68       ; 54         ; 2        ; m[7]           ; output ; 3.3-V LVTTL  ;           ; Row I/O    ; N               ; no       ; Off          ;
; 69       ; 55         ; 2        ; mt[8]          ; output ; 3.3-V LVTTL  ;           ; Row I/O    ; N               ; no       ; Off          ;
; 70       ; 56         ; 2        ; mode           ; output ; 3.3-V LVTTL  ;           ; Row I/O    ; N               ; no       ; Off          ;
; 71       ; 57         ; 2        ; m[4]           ; output ; 3.3-V LVTTL  ;           ; Row I/O    ; N               ; no       ; Off          ;
; 72       ; 58         ; 2        ; m[2]           ; output ; 3.3-V LVTTL  ;           ; Row I/O    ; N               ; no       ; Off          ;
; 73       ; 59         ; 2        ; signal_f       ; input  ; 3.3-V LVTTL  ;           ; Row I/O    ; Y               ; no       ; Off          ;
; 74       ; 60         ; 2        ; GND*           ;        ;              ;           ; Row I/O    ;                 ; no       ; Off          ;
; 75       ; 61         ; 2        ; GND*           ;        ;              ;           ; Column I/O ;                 ; no       ; Off          ;
; 76       ; 62         ; 2        ; signal_t       ; input  ; 3.3-V LVTTL  ;           ; Column I/O ; N               ; no       ; Off          ;
; 77       ; 63         ; 2        ; m[15]          ; output ; 3.3-V LVTTL  ;           ; Column I/O ; N               ; no       ; Off          ;
; 78       ; 64         ; 2        ; gate           ; output ; 3.3-V LVTTL  ;           ; Column I/O ; N               ; no       ; Off          ;
; 79       ;            ;          ; GNDIO          ; gnd    ;              ;           ; --         ;                 ; --       ; --           ;
; 80       ;            ; 2        ; VCCIO2         ; power  ;              ; 3.3V      ; --         ;                 ; --       ; --           ;
; 81       ; 65         ; 2        ; mt[6]          ; output ; 3.3-V LVTTL  ;           ; Column I/O ; N               ; no       ; Off          ;
; 82       ; 66         ; 2        ; m[14]          ; output ; 3.3-V LVTTL  ;           ; Column I/O ; N               ; no       ; Off          ;
; 83       ; 67         ; 2        ; m[1]           ; output ; 3.3-V LVTTL  ;           ; Column I/O ; N               ; no       ; Off          ;
; 84       ; 68         ; 2        ; calc           ; output ; 3.3-V LVTTL  ;           ; Column I/O ; N               ; no       ; Off          ;
; 85       ; 69         ; 2        ; mt[5]          ; output ; 3.3-V LVTTL  ;           ; Column I/O ; N               ; no       ; Off          ;
; 86       ; 70         ; 2        ; GND*           ;        ;              ;           ; Column I/O ;                 ; no       ; Off          ;
; 87       ; 71         ; 2        ; GND*           ;        ;              ;           ; Column I/O ;                 ; no       ; Off          ;
; 88       ; 72         ; 2        ; mt[0]          ; output ; 3.3-V LVTTL  ;           ; Column I/O ; N               ; no       ; Off          ;
; 89       ; 73         ; 2        ; div[5]         ; output ; 3.3-V LVTTL  ;           ; Column I/O ; N               ; no       ; Off          ;
; 90       ; 74         ; 2        ; GND*           ;        ;              ;           ; Column I/O ;                 ; no       ; Off          ;
; 91       ; 75         ; 2        ; GND*           ;        ;              ;           ; Column I/O ;                 ; no       ; Off          ;
; 92       ; 76         ; 2        ; div[8]         ; output ; 3.3-V LVTTL  ;           ; Column I/O ; N               ; no       ; Off          ;
; 93       ;            ;          ; GNDIO          ; gnd    ;              ;           ; --         ;                 ; --       ; --           ;
; 94       ;            ; 2        ; VCCIO2         ; power  ;              ; 3.3V      ; --         ;                 ; --       ; --           ;
; 95       ; 77         ; 2        ; div[6]         ; output ; 3.3-V LVTTL  ;           ; Column I/O ; N               ; no       ; Off          ;
; 96       ; 78         ; 2        ; div[0]         ; output ; 3.3-V LVTTL  ;           ; Column I/O ; N               ; no       ; Off          ;
; 97       ; 79         ; 2        ; div[9]         ; output ; 3.3-V LVTTL  ;           ; Column I/O ; N               ; no       ; Off          ;
; 98       ; 80         ; 2        ; div[1]         ; output ; 3.3-V LVTTL  ;           ; Column I/O ; N               ; no       ; Off          ;
; 99       ; 81         ; 2        ; div[4]         ; output ; 3.3-V LVTTL  ;           ; Column I/O ; N               ; no       ; Off          ;
; 100      ; 82         ; 2        ; mt[3]          ; output ; 3.3-V LVTTL  ;           ; Column I/O ; N               ; no       ; Off          ;
+----------+------------+----------+----------------+--------+--------------+-----------+------------+-----------------+----------+--------------+
Note: Pin directions (input, output or bidir) are based on device operating in user mode.


+-------------------------------------------------------------+
; Output Pin Default Load For Reported TCO                    ;
+----------------------------+-------+------------------------+
; I/O Standard               ; Load  ; Termination Resistance ;
+----------------------------+-------+------------------------+
; 3.3-V LVTTL                ; 10 pF ; Not Available          ;
; 3.3-V LVCMOS               ; 10 pF ; Not Available          ;
; 2.5 V                      ; 10 pF ; Not Available          ;
; 1.8 V                      ; 10 pF ; Not Available          ;
; 1.5 V                      ; 10 pF ; Not Available          ;
; 3.3V Schmitt Trigger Input ; 10 pF ; Not Available          ;
; 2.5V Schmitt Trigger Input ; 10 pF ; Not Available          ;
+----------------------------+-------+------------------------+
Note: User assignments will override these defaults. The user specified values are listed in the Output Pins and Bidir Pins tables.


+----------------------------------------------------------------------------------------------------------------------------------------------------------------------------------------------------------------------+
; Fitter Resource Utilization by Entity                                                                                                                                                                                ;
+----------------------------+-------------+--------------+------------+------+--------------+--------------+-------------------+------------------+-----------------+------------+---------------------+--------------+
; Compilation Hierarchy Node ; Logic Cells ; LC Registers ; UFM Blocks ; Pins ; Virtual Pins ; LUT-Only LCs ; Register-Only LCs ; LUT/Register LCs ; Carry Chain LCs ; Packed LCs ; Full Hierarchy Name ; Library Name ;
+----------------------------+-------------+--------------+------------+------+--------------+--------------+-------------------+------------------+-----------------+------------+---------------------+--------------+
; |freq                      ; 172 (172)   ; 92           ; 0          ; 68   ; 0            ; 80 (80)      ; 15 (15)           ; 77 (77)          ; 57 (57)         ; 13 (13)    ; |freq               ; work         ;
+----------------------------+-------------+--------------+------------+------+--------------+--------------+-------------------+------------------+-----------------+------------+---------------------+--------------+
Note: For table entries with two numbers listed, the numbers in parentheses indicate the number of resources of the given type used by the specific entity alone. The numbers listed outside of parentheses indicate the total resources of the given type used by the specific entity and all of its sub-entities in the hierarchy.


+--------------------------------------+
; Delay Chain Summary                  ;
+-----------+----------+---------------+
; Name      ; Pin Type ; Pad to Core 0 ;
+-----------+----------+---------------+
; key       ; Input    ; 1             ;
; signal_f  ; Input    ; 0             ;
; clk       ; Input    ; 0             ;
; signal_t  ; Input    ; 0             ;
; mode      ; Output   ; --            ;
; segdat[0] ; Output   ; --            ;
; segdat[1] ; Output   ; --            ;
; segdat[2] ; Output   ; --            ;
; segdat[3] ; Output   ; --            ;
; segdat[4] ; Output   ; --            ;
; segdat[5] ; Output   ; --            ;
; segdat[6] ; Output   ; --            ;
; segdat[7] ; Output   ; --            ;
; segpos[0] ; Output   ; --            ;
; segpos[1] ; Output   ; --            ;
; segpos[2] ; Output   ; --            ;
; segpos[3] ; Output   ; --            ;
; calc      ; Output   ; --            ;
; m[0]      ; Output   ; --            ;
; m[1]      ; Output   ; --            ;
; m[2]      ; Output   ; --            ;
; m[3]      ; Output   ; --            ;
; m[4]      ; Output   ; --            ;
; m[5]      ; Output   ; --            ;
; m[6]      ; Output   ; --            ;
; m[7]      ; Output   ; --            ;
; m[8]      ; Output   ; --            ;
; m[9]      ; Output   ; --            ;
; m[10]     ; Output   ; --            ;
; m[11]     ; Output   ; --            ;
; m[12]     ; Output   ; --            ;
; m[13]     ; Output   ; --            ;
; m[14]     ; Output   ; --            ;
; m[15]     ; Output   ; --            ;
; mt[0]     ; Output   ; --            ;
; mt[1]     ; Output   ; --            ;
; mt[2]     ; Output   ; --            ;
; mt[3]     ; Output   ; --            ;
; mt[4]     ; Output   ; --            ;
; mt[5]     ; Output   ; --            ;
; mt[6]     ; Output   ; --            ;
; mt[7]     ; Output   ; --            ;
; mt[8]     ; Output   ; --            ;
; mt[9]     ; Output   ; --            ;
; mt[10]    ; Output   ; --            ;
; mt[11]    ; Output   ; --            ;
; div[0]    ; Output   ; --            ;
; div[1]    ; Output   ; --            ;
; div[2]    ; Output   ; --            ;
; div[3]    ; Output   ; --            ;
; div[4]    ; Output   ; --            ;
; div[5]    ; Output   ; --            ;
; div[6]    ; Output   ; --            ;
; div[7]    ; Output   ; --            ;
; div[8]    ; Output   ; --            ;
; div[9]    ; Output   ; --            ;
; div[10]   ; Output   ; --            ;
; div[11]   ; Output   ; --            ;
; div[12]   ; Output   ; --            ;
; div[13]   ; Output   ; --            ;
; div[14]   ; Output   ; --            ;
; div[15]   ; Output   ; --            ;
; div[16]   ; Output   ; --            ;
; div[17]   ; Output   ; --            ;
; div[18]   ; Output   ; --            ;
; div[19]   ; Output   ; --            ;
; clk_cnt   ; Output   ; --            ;
; gate      ; Output   ; --            ;
+-----------+----------+---------------+


+---------------------------------------------------------------------------------------------------------------------+
; Control Signals                                                                                                     ;
+----------------+-------------+---------+-------------------------+--------+----------------------+------------------+
; Name           ; Location    ; Fan-Out ; Usage                   ; Global ; Global Resource Used ; Global Line Name ;
+----------------+-------------+---------+-------------------------+--------+----------------------+------------------+
; Selector17~1   ; LC_X5_Y2_N6 ; 2       ; Clock enable            ; no     ; --                   ; --               ;
; clk            ; PIN_14      ; 15      ; Clock                   ; yes    ; Global Clock         ; GCLK1            ;
; clk_1k         ; LC_X4_Y4_N7 ; 7       ; Clock                   ; yes    ; Global Clock         ; GCLK0            ;
; clk_cnt~2      ; LC_X2_Y2_N2 ; 67      ; Clock                   ; yes    ; Global Clock         ; GCLK2            ;
; clk_gate       ; LC_X7_Y4_N4 ; 1       ; Clock                   ; no     ; --                   ; --               ;
; digi_buf[0]~33 ; LC_X4_Y3_N4 ; 14      ; Clock enable            ; no     ; --                   ; --               ;
; div[17]~140    ; LC_X3_Y2_N9 ; 20      ; Clock enable            ; no     ; --                   ; --               ;
; m[1]~136       ; LC_X7_Y3_N4 ; 4       ; Clock enable            ; no     ; --                   ; --               ;
; m[7]~132       ; LC_X2_Y1_N4 ; 4       ; Clock enable            ; no     ; --                   ; --               ;
; m[9]~135       ; LC_X7_Y1_N6 ; 6       ; Clock enable            ; no     ; --                   ; --               ;
; mt[8]~48       ; LC_X7_Y4_N2 ; 12      ; Clock enable            ; no     ; --                   ; --               ;
; pos[0]         ; LC_X5_Y3_N1 ; 17      ; Clock                   ; yes    ; Global Clock         ; GCLK3            ;
; pos[1]         ; LC_X5_Y3_N5 ; 14      ; Clock                   ; no     ; --                   ; --               ;
; ss.ss_count_mt ; LC_X5_Y2_N9 ; 41      ; Sync. clear, Sync. load ; no     ; --                   ; --               ;
+----------------+-------------+---------+-------------------------+--------+----------------------+------------------+


+-----------------------------------------------------------------------------+
; Global & Other Fast Signals                                                 ;
+-----------+-------------+---------+----------------------+------------------+
; Name      ; Location    ; Fan-Out ; Global Resource Used ; Global Line Name ;
+-----------+-------------+---------+----------------------+------------------+
; clk       ; PIN_14      ; 15      ; Global Clock         ; GCLK1            ;
; clk_1k    ; LC_X4_Y4_N7 ; 7       ; Global Clock         ; GCLK0            ;
; clk_cnt~2 ; LC_X2_Y2_N2 ; 67      ; Global Clock         ; GCLK2            ;
; pos[0]    ; LC_X5_Y3_N1 ; 17      ; Global Clock         ; GCLK3            ;
+-----------+-------------+---------+----------------------+------------------+


+---------------------------------+
; Non-Global High Fan-Out Signals ;
+----------------+----------------+
; Name           ; Fan-Out        ;
+----------------+----------------+
; ss.ss_count_mt ; 41             ;
; div[17]~140    ; 20             ;
; calc~9         ; 14             ;
; digi_buf[0]~33 ; 14             ;
; pos[1]         ; 14             ;
; ~GND           ; 13             ;
; mt[8]~48       ; 12             ;
; ss.ss_calc     ; 12             ;
; ss.ss_count_m  ; 11             ;
; gate~reg0      ; 11             ;
; mode~reg0      ; 10             ;
; flag_gate[1]   ; 7              ;
; m[8]~reg0      ; 7              ;
; m[4]~reg0      ; 7              ;
; Mux0~1         ; 7              ;
; Mux1~1         ; 7              ;
; Mux2~1         ; 7              ;
; Mux3~1         ; 7              ;
; m[9]~135       ; 6              ;
; m[1]~126       ; 6              ;
; ss.ss_idle     ; 6              ;
; m[9]~reg0      ; 6              ;
; m[5]~reg0      ; 6              ;
; m[0]~reg0      ; 6              ;
; LessThan0~60   ; 5              ;
; LessThan0~35   ; 5              ;
; Add0~47        ; 5              ;
; Add0~37        ; 5              ;
; Equal7~0       ; 5              ;
; m[7]~130       ; 5              ;
; cnt_d[1]       ; 5              ;
; cnt_d[0]       ; 5              ;
; always5~0      ; 5              ;
; div[14]~129    ; 5              ;
; div[9]~119     ; 5              ;
; div[4]~109     ; 5              ;
; mt[11]~reg0    ; 5              ;
; mt[10]~reg0    ; 5              ;
; mt[9]~reg0     ; 5              ;
; mt[8]~reg0     ; 5              ;
; mt[7]~reg0     ; 5              ;
; mt[6]~reg0     ; 5              ;
; mt[5]~35       ; 5              ;
; mt[5]~reg0     ; 5              ;
; mt[4]~reg0     ; 5              ;
; mt[3]~reg0     ; 5              ;
; mt[2]~reg0     ; 5              ;
; mt[1]~reg0     ; 5              ;
; mt[0]~25       ; 5              ;
; mt[0]~reg0     ; 5              ;
+----------------+----------------+


+-------------------------------------------------+
; Interconnect Usage Summary                      ;
+----------------------------+--------------------+
; Interconnect Resource Type ; Usage              ;
+----------------------------+--------------------+
; C4s                        ; 136 / 784 ( 17 % ) ;
; Direct links               ; 30 / 888 ( 3 % )   ;
; Global clocks              ; 4 / 4 ( 100 % )    ;
; LAB clocks                 ; 11 / 32 ( 34 % )   ;
; LUT chains                 ; 12 / 216 ( 6 % )   ;
; Local interconnects        ; 252 / 888 ( 28 % ) ;
; R4s                        ; 163 / 704 ( 23 % ) ;
+----------------------------+--------------------+


+---------------------------------------------------------------------------+
; LAB Logic Elements                                                        ;
+--------------------------------------------+------------------------------+
; Number of Logic Elements  (Average = 8.19) ; Number of LABs  (Total = 21) ;
+--------------------------------------------+------------------------------+
; 1                                          ; 1                            ;
; 2                                          ; 1                            ;
; 3                                          ; 2                            ;
; 4                                          ; 0                            ;
; 5                                          ; 0                            ;
; 6                                          ; 0                            ;
; 7                                          ; 1                            ;
; 8                                          ; 1                            ;
; 9                                          ; 2                            ;
; 10                                         ; 13                           ;
+--------------------------------------------+------------------------------+


+-------------------------------------------------------------------+
; LAB-wide Signals                                                  ;
+------------------------------------+------------------------------+
; LAB-wide Signals  (Average = 1.24) ; Number of LABs  (Total = 21) ;
+------------------------------------+------------------------------+
; 1 Clock                            ; 16                           ;
; 1 Clock enable                     ; 6                            ;
; 1 Sync. clear                      ; 2                            ;
; 1 Sync. load                       ; 2                            ;
+------------------------------------+------------------------------+


+----------------------------------------------------------------------------+
; LAB Signals Sourced                                                        ;
+---------------------------------------------+------------------------------+
; Number of Signals Sourced  (Average = 7.90) ; Number of LABs  (Total = 21) ;
+---------------------------------------------+------------------------------+
; 0                                           ; 0                            ;
; 1                                           ; 1                            ;
; 2                                           ; 1                            ;
; 3                                           ; 3                            ;
; 4                                           ; 0                            ;
; 5                                           ; 1                            ;
; 6                                           ; 0                            ;
; 7                                           ; 0                            ;
; 8                                           ; 1                            ;
; 9                                           ; 2                            ;
; 10                                          ; 10                           ;
; 11                                          ; 1                            ;
; 12                                          ; 1                            ;
+---------------------------------------------+------------------------------+


+--------------------------------------------------------------------------------+
; LAB Signals Sourced Out                                                        ;
+-------------------------------------------------+------------------------------+
; Number of Signals Sourced Out  (Average = 5.43) ; Number of LABs  (Total = 21) ;
+-------------------------------------------------+------------------------------+
; 0                                               ; 0                            ;
; 1                                               ; 1                            ;
; 2                                               ; 2                            ;
; 3                                               ; 3                            ;
; 4                                               ; 2                            ;
; 5                                               ; 2                            ;
; 6                                               ; 3                            ;
; 7                                               ; 4                            ;
; 8                                               ; 2                            ;
; 9                                               ; 0                            ;
; 10                                              ; 2                            ;
+-------------------------------------------------+------------------------------+


+----------------------------------------------------------------------------+
; LAB Distinct Inputs                                                        ;
+---------------------------------------------+------------------------------+
; Number of Distinct Inputs  (Average = 8.67) ; Number of LABs  (Total = 21) ;
+---------------------------------------------+------------------------------+
; 0                                           ; 0                            ;
; 1                                           ; 0                            ;
; 2                                           ; 2                            ;
; 3                                           ; 0                            ;
; 4                                           ; 0                            ;
; 5                                           ; 3                            ;
; 6                                           ; 1                            ;
; 7                                           ; 3                            ;
; 8                                           ; 2                            ;
; 9                                           ; 1                            ;
; 10                                          ; 1                            ;
; 11                                          ; 3                            ;
; 12                                          ; 0                            ;
; 13                                          ; 0                            ;
; 14                                          ; 1                            ;
; 15                                          ; 1                            ;
; 16                                          ; 0                            ;
; 17                                          ; 0                            ;
; 18                                          ; 0                            ;
; 19                                          ; 1                            ;
; 20                                          ; 1                            ;
+---------------------------------------------+------------------------------+


+-------------------------------------------------------------------------+
; Fitter Device Options                                                   ;
+----------------------------------------------+--------------------------+
; Option                                       ; Setting                  ;
+----------------------------------------------+--------------------------+
; Enable user-supplied start-up clock (CLKUSR) ; Off                      ;
; Enable device-wide reset (DEV_CLRn)          ; Off                      ;
; Enable device-wide output enable (DEV_OE)    ; Off                      ;
; Enable INIT_DONE output                      ; Off                      ;
; Configuration scheme                         ; Passive Serial           ;
; Reserve all unused pins                      ; As output driving ground ;
; Base pin-out file on sameframe device        ; Off                      ;
+----------------------------------------------+--------------------------+


+------------------------------------------------------------+
; Estimated Delay Added for Hold Timing                      ;
+-----------------+----------------------+-------------------+
; Source Clock(s) ; Destination Clock(s) ; Delay Added in ns ;
+-----------------+----------------------+-------------------+


+-----------------+
; Fitter Messages ;
+-----------------+
Info: *******************************************************************
Info: Running Quartus II Fitter
    Info: Version 9.0 Build 132 02/25/2009 SJ Full Version
    Info: Processing started: Thu Jan 15 12:12:42 2015
Info: Command: quartus_fit --read_settings_files=off --write_settings_files=off freq -c freq
Info: Parallel compilation is enabled and will use 2 of the 2 processors detected
Info: Selected device EPM240T100C5 for design "freq"
Info: Low junction temperature is 0 degrees C
Info: High junction temperature is 85 degrees C
Info: Fitter is performing an Auto Fit compilation, which may decrease Fitter effort to reduce compilation time
Info: Device migration not selected. If you intend to use device migration later, you may need to change the pin assignments as they may be incompatible with other devices
    Info: Device EPM240T100I5 is compatible
    Info: Device EPM240T100A5 is compatible
    Info: Device EPM570T100C5 is compatible
    Info: Device EPM570T100I5 is compatible
    Info: Device EPM570T100A5 is compatible
Warning: No exact pin location assignment(s) for 53 pins of 68 total pins
    Info: Pin mode not assigned to an exact location on the device
    Info: Pin calc not assigned to an exact location on the device
    Info: Pin m[0] not assigned to an exact location on the device
    Info: Pin m[1] not assigned to an exact location on the device
    Info: Pin m[2] not assigned to an exact location on the device
    Info: Pin m[3] not assigned to an exact location on the device
    Info: Pin m[4] not assigned to an exact location on the device
    Info: Pin m[5] not assigned to an exact location on the device
    Info: Pin m[6] not assigned to an exact location on the device
    Info: Pin m[7] not assigned to an exact location on the device
    Info: Pin m[8] not assigned to an exact location on the device
    Info: Pin m[9] not assigned to an exact location on the device
    Info: Pin m[10] not assigned to an exact location on the device
    Info: Pin m[11] not assigned to an exact location on the device
    Info: Pin m[12] not assigned to an exact location on the device
    Info: Pin m[13] not assigned to an exact location on the device
    Info: Pin m[14] not assigned to an exact location on the device
    Info: Pin m[15] not assigned to an exact location on the device
    Info: Pin mt[0] not assigned to an exact location on the device
    Info: Pin mt[1] not assigned to an exact location on the device
    Info: Pin mt[2] not assigned to an exact location on the device
    Info: Pin mt[3] not assigned to an exact location on the device
    Info: Pin mt[4] not assigned to an exact location on the device
    Info: Pin mt[5] not assigned to an exact location on the device
    Info: Pin mt[6] not assigned to an exact location on the device
    Info: Pin mt[7] not assigned to an exact location on the device
    Info: Pin mt[8] not assigned to an exact location on the device
    Info: Pin mt[9] not assigned to an exact location on the device
    Info: Pin mt[10] not assigned to an exact location on the device
    Info: Pin mt[11] not assigned to an exact location on the device
    Info: Pin div[0] not assigned to an exact location on the device
    Info: Pin div[1] not assigned to an exact location on the device
    Info: Pin div[2] not assigned to an exact location on the device
    Info: Pin div[3] not assigned to an exact location on the device
    Info: Pin div[4] not assigned to an exact location on the device
    Info: Pin div[5] not assigned to an exact location on the device
    Info: Pin div[6] not assigned to an exact location on the device
    Info: Pin div[7] not assigned to an exact location on the device
    Info: Pin div[8] not assigned to an exact location on the device
    Info: Pin div[9] not assigned to an exact location on the device
    Info: Pin div[10] not assigned to an exact location on the device
    Info: Pin div[11] not assigned to an exact location on the device
    Info: Pin div[12] not assigned to an exact location on the device
    Info: Pin div[13] not assigned to an exact location on the device
    Info: Pin div[14] not assigned to an exact location on the device
    Info: Pin div[15] not assigned to an exact location on the device
    Info: Pin div[16] not assigned to an exact location on the device
    Info: Pin div[17] not assigned to an exact location on the device
    Info: Pin div[18] not assigned to an exact location on the device
    Info: Pin div[19] not assigned to an exact location on the device
    Info: Pin clk_cnt not assigned to an exact location on the device
    Info: Pin gate not assigned to an exact location on the device
    Info: Pin signal_t not assigned to an exact location on the device
Info: Fitter is using the Classic Timing Analyzer
Info: Timing requirements not specified -- optimizing circuit to achieve the following default global requirements
    Info: Assuming a global fmax requirement of 1000 MHz
    Info: Assuming a global tsu requirement of 2.0 ns
    Info: Assuming a global tco requirement of 1.0 ns
    Info: Assuming a global tpd requirement of 1.0 ns
Info: Completed User Assigned Global Signals Promotion Operation
Info: Automatically promoted some destinations of signal "clk" to use Global clock in PIN 14
    Info: Destination "clk_cnt~2" may be non-global or may not use global clock
Info: Automatically promoted some destinations of signal "clk_cnt~2" to use Global clock
    Info: Destination "clk_cnt" may be non-global or may not use global clock
Info: Automatically promoted some destinations of signal "clk_1k" to use Global clock
    Info: Destination "clk_1k" may be non-global or may not use global clock
    Info: Destination "clk_in~2" may be non-global or may not use global clock
Info: Automatically promoted some destinations of signal "pos[0]" to use Global clock
    Info: Destination "pos[1]" may be non-global or may not use global clock
    Info: Destination "pos[0]" may be non-global or may not use global clock
    Info: Destination "Mux3~0" may be non-global or may not use global clock
    Info: Destination "Mux2~0" may be non-global or may not use global clock
    Info: Destination "Mux1~0" may be non-global or may not use global clock
    Info: Destination "Mux1~1" may be non-global or may not use global clock
    Info: Destination "Mux0~0" may be non-global or may not use global clock
    Info: Destination "Mux0~1" may be non-global or may not use global clock
    Info: Destination "Mux4~0" may be non-global or may not use global clock
    Info: Destination "Decoder0~0" may be non-global or may not use global clock
    Info: Limited to 10 non-global destinations
Info: Completed Auto Global Promotion Operation
Info: Starting register packing
Info: Fitter is using Normal packing mode for logic elements with Auto setting for Auto Packed Registers logic option
Info: Started processing fast register assignments
Info: Finished processing fast register assignments
Info: Finished register packing
Info: Statistics of I/O pins that need to be placed that use the same VCCIO and VREF, before I/O pin placement
    Info: Number of I/O pins in group: 53 (unused VREF, 3.3V VCCIO, 1 input, 52 output, 0 bidirectional)
        Info: I/O standards used: 3.3-V LVTTL.
Info: I/O bank details before I/O pin placement
    Info: Statistics of I/O banks
        Info: I/O bank number 1 does not use VREF pins and has 3.3V VCCIO pins. 13 total pin(s) used --  25 pins available
        Info: I/O bank number 2 does not use VREF pins and has 3.3V VCCIO pins. 2 total pin(s) used --  40 pins available
Warning: Ignored locations or region assignments to the following nodes
    Warning: Node "out_mode" is assigned to location or region, but does not exist in design
    Warning: Node "out_signal_t" is assigned to location or region, but does not exist in design
Info: Fitter preparation operations ending: elapsed time is 00:00:00
Info: Fitter placement preparation operations beginning
Info: Fitter placement preparation operations ending: elapsed time is 00:00:00
Info: Fitter placement operations beginning
Info: Fitter placement was successful
Info: Fitter placement operations ending: elapsed time is 00:00:00
Info: Slack time is -27.364 ns between source register "digi_buf[3]" and destination pin "segdat[5]"
    Info: + Largest register to pin requirement is -19.087 ns
    Info:   Shortest clock path from clock "clk" to source register is 7.121 ns
        Info: 1: + IC(0.000 ns) + CELL(1.132 ns) = 1.132 ns; Loc. = Unassigned; Fanout = 15; CLK Node = 'clk'
        Info: 2: + IC(1.054 ns) + CELL(0.740 ns) = 2.926 ns; Loc. = Unassigned; Fanout = 67; COMB Node = 'clk_cnt~2'
        Info: 3: + IC(3.277 ns) + CELL(0.918 ns) = 7.121 ns; Loc. = Unassigned; Fanout = 1; REG Node = 'digi_buf[3]'
        Info: Total cell delay = 2.790 ns ( 39.18 % )
        Info: Total interconnect delay = 4.331 ns ( 60.82 % )
    Info:   Longest clock path from clock "clk" to source register is 19.711 ns
        Info: 1: + IC(0.000 ns) + CELL(1.132 ns) = 1.132 ns; Loc. = Unassigned; Fanout = 15; CLK Node = 'clk'
        Info: 2: + IC(1.322 ns) + CELL(1.294 ns) = 3.748 ns; Loc. = Unassigned; Fanout = 7; REG Node = 'clk_1k'
        Info: 3: + IC(4.010 ns) + CELL(1.294 ns) = 9.052 ns; Loc. = Unassigned; Fanout = 14; REG Node = 'pos[1]'
        Info: 4: + IC(0.959 ns) + CELL(1.294 ns) = 11.305 ns; Loc. = Unassigned; Fanout = 10; REG Node = 'mode~reg0'
        Info: 5: + IC(2.520 ns) + CELL(0.511 ns) = 14.336 ns; Loc. = Unassigned; Fanout = 1; COMB Node = 'clk_in~2'
        Info: 6: + IC(0.266 ns) + CELL(0.914 ns) = 15.516 ns; Loc. = Unassigned; Fanout = 67; COMB Node = 'clk_cnt~2'
        Info: 7: + IC(3.277 ns) + CELL(0.918 ns) = 19.711 ns; Loc. = Unassigned; Fanout = 1; REG Node = 'digi_buf[3]'
        Info: Total cell delay = 7.357 ns ( 37.32 % )
        Info: Total interconnect delay = 12.354 ns ( 62.68 % )
    Info:   Micro clock to output delay of source is 0.376 ns
    Info: - Longest register to pin delay is 8.277 ns
        Info: 1: + IC(0.000 ns) + CELL(0.000 ns) = 0.000 ns; Loc. = Unassigned; Fanout = 1; REG Node = 'digi_buf[3]'
        Info: 2: + IC(0.692 ns) + CELL(0.740 ns) = 1.432 ns; Loc. = Unassigned; Fanout = 1; COMB Node = 'Mux0~0'
        Info: 3: + IC(0.342 ns) + CELL(0.914 ns) = 2.688 ns; Loc. = Unassigned; Fanout = 7; COMB Node = 'Mux0~1'
        Info: 4: + IC(1.381 ns) + CELL(0.200 ns) = 4.269 ns; Loc. = Unassigned; Fanout = 1; COMB Node = 'WideOr1~0'
        Info: 5: + IC(1.686 ns) + CELL(2.322 ns) = 8.277 ns; Loc. = Unassigned; Fanout = 0; PIN Node = 'segdat[5]'
        Info: Total cell delay = 4.176 ns ( 50.45 % )
        Info: Total interconnect delay = 4.101 ns ( 49.55 % )
Info: Estimated most critical path is register to pin delay of 8.277 ns
    Info: 1: + IC(0.000 ns) + CELL(0.000 ns) = 0.000 ns; Loc. = LAB_X3_Y4; Fanout = 1; REG Node = 'digi_buf[3]'
    Info: 2: + IC(0.692 ns) + CELL(0.740 ns) = 1.432 ns; Loc. = LAB_X3_Y4; Fanout = 1; COMB Node = 'Mux0~0'
    Info: 3: + IC(0.342 ns) + CELL(0.914 ns) = 2.688 ns; Loc. = LAB_X3_Y4; Fanout = 7; COMB Node = 'Mux0~1'
    Info: 4: + IC(1.381 ns) + CELL(0.200 ns) = 4.269 ns; Loc. = LAB_X2_Y4; Fanout = 1; COMB Node = 'WideOr1~0'
    Info: 5: + IC(1.686 ns) + CELL(2.322 ns) = 8.277 ns; Loc. = PIN_6; Fanout = 0; PIN Node = 'segdat[5]'
    Info: Total cell delay = 4.176 ns ( 50.45 % )
    Info: Total interconnect delay = 4.101 ns ( 49.55 % )
Info: Fitter routing operations beginning
Info: Average interconnect usage is 22% of the available device resources
    Info: Peak interconnect usage is 22% of the available device resources in the region that extends from location X0_Y0 to location X8_Y5
Info: Fitter routing operations ending: elapsed time is 00:00:00
Info: The Fitter performed an Auto Fit compilation.  Optimizations were skipped to reduce compilation time.
    Info: Optimizations that may affect the design's routability were skipped
    Info: Optimizations that may affect the design's timing were skipped
Warning: Following 2 pins have nothing, GND, or VCC driving datain port -- changes to this connectivity may change fitting results
    Info: Pin m[14] has GND driving its datain port
    Info: Pin m[15] has GND driving its datain port
Warning: The Reserve All Unused Pins setting has not been specified, and will default to 'As output driving ground'.
Info: Generated suppressed messages file E:/Workspace/Quartus/freq9_2/freq.fit.smsg
Info: Quartus II Fitter was successful. 0 errors, 6 warnings
    Info: Peak virtual memory: 241 megabytes
    Info: Processing ended: Thu Jan 15 12:12:43 2015
    Info: Elapsed time: 00:00:01
    Info: Total CPU time (on all processors): 00:00:01


+----------------------------+
; Fitter Suppressed Messages ;
+----------------------------+
The suppressed messages can be found in E:/Workspace/Quartus/freq9_2/freq.fit.smsg.


