Fitter report for right
Tue Jan 13 11:30:53 2015
Quartus II Version 9.0 Build 132 02/25/2009 SJ Full Version


---------------------
; Table of Contents ;
---------------------
  1. Legal Notice
  2. Fitter Summary
  3. Fitter Settings
  4. Parallel Compilation
  5. Pin-Out File
  6. Fitter Resource Usage Summary
  7. Input Pins
  8. Output Pins
  9. I/O Bank Usage
 10. All Package Pins
 11. Output Pin Default Load For Reported TCO
 12. Fitter Resource Utilization by Entity
 13. Delay Chain Summary
 14. Control Signals
 15. Global & Other Fast Signals
 16. Non-Global High Fan-Out Signals
 17. Interconnect Usage Summary
 18. LAB Logic Elements
 19. LAB-wide Signals
 20. LAB Signals Sourced
 21. LAB Signals Sourced Out
 22. LAB Distinct Inputs
 23. Fitter Device Options
 24. Estimated Delay Added for Hold Timing
 25. Fitter Messages
 26. Fitter Suppressed Messages



----------------
; Legal Notice ;
----------------
Copyright (C) 1991-2009 Altera Corporation
Your use of Altera Corporation's design tools, logic functions 
and other software and tools, and its AMPP partner logic 
functions, and any output files from any of the foregoing 
(including device programming or simulation files), and any 
associated documentation or information are expressly subject 
to the terms and conditions of the Altera Program License 
Subscription Agreement, Altera MegaCore Function License 
Agreement, or other applicable license agreement, including, 
without limitation, that your use is for the sole purpose of 
programming logic devices manufactured by Altera and sold by 
Altera or its authorized distributors.  Please refer to the 
applicable agreement for further details.



+------------------------------------------------------------------+
; Fitter Summary                                                   ;
+-----------------------+------------------------------------------+
; Fitter Status         ; Successful - Tue Jan 13 11:30:53 2015    ;
; Quartus II Version    ; 9.0 Build 132 02/25/2009 SJ Full Version ;
; Revision Name         ; right                                    ;
; Top-level Entity Name ; right                                    ;
; Family                ; MAX II                                   ;
; Device                ; EPM240T100C5                             ;
; Timing Models         ; Final                                    ;
; Total logic elements  ; 229 / 240 ( 95 % )                       ;
; Total pins            ; 43 / 80 ( 54 % )                         ;
; Total virtual pins    ; 0                                        ;
; UFM blocks            ; 0 / 1 ( 0 % )                            ;
+-----------------------+------------------------------------------+


+--------------------------------------------------------------------------------------------------------------------------------------+
; Fitter Settings                                                                                                                      ;
+--------------------------------------------------------------------+--------------------------------+--------------------------------+
; Option                                                             ; Setting                        ; Default Value                  ;
+--------------------------------------------------------------------+--------------------------------+--------------------------------+
; Device                                                             ; EPM240T100C5                   ;                                ;
; Minimum Core Junction Temperature                                  ; 0                              ;                                ;
; Maximum Core Junction Temperature                                  ; 85                             ;                                ;
; Fit Attempts to Skip                                               ; 0                              ; 0.0                            ;
; Device I/O Standard                                                ; 3.3-V LVTTL                    ;                                ;
; Use smart compilation                                              ; Off                            ; Off                            ;
; Use TimeQuest Timing Analyzer                                      ; Off                            ; Off                            ;
; Router Timing Optimization Level                                   ; Normal                         ; Normal                         ;
; Placement Effort Multiplier                                        ; 1.0                            ; 1.0                            ;
; Router Effort Multiplier                                           ; 1.0                            ; 1.0                            ;
; Always Enable Input Buffers                                        ; Off                            ; Off                            ;
; Optimize Hold Timing                                               ; IO Paths and Minimum TPD Paths ; IO Paths and Minimum TPD Paths ;
; Optimize Multi-Corner Timing                                       ; Off                            ; Off                            ;
; Guarantee I/O Paths Have Zero Hold Time at Fast Corner             ; On                             ; On                             ;
; PowerPlay Power Optimization                                       ; Normal compilation             ; Normal compilation             ;
; Optimize Timing                                                    ; Normal compilation             ; Normal compilation             ;
; Optimize Timing for ECOs                                           ; Off                            ; Off                            ;
; Regenerate full fit report during ECO compiles                     ; Off                            ; Off                            ;
; Optimize IOC Register Placement for Timing                         ; On                             ; On                             ;
; Limit to One Fitting Attempt                                       ; Off                            ; Off                            ;
; Final Placement Optimizations                                      ; Automatically                  ; Automatically                  ;
; Fitter Aggressive Routability Optimizations                        ; Automatically                  ; Automatically                  ;
; Fitter Initial Placement Seed                                      ; 1                              ; 1                              ;
; Slow Slew Rate                                                     ; Off                            ; Off                            ;
; PCI I/O                                                            ; Off                            ; Off                            ;
; Weak Pull-Up Resistor                                              ; Off                            ; Off                            ;
; Enable Bus-Hold Circuitry                                          ; Off                            ; Off                            ;
; Auto Delay Chains                                                  ; On                             ; On                             ;
; Perform Physical Synthesis for Combinational Logic for Performance ; Off                            ; Off                            ;
; Perform Register Duplication for Performance                       ; Off                            ; Off                            ;
; Perform Register Retiming for Performance                          ; Off                            ; Off                            ;
; Perform Asynchronous Signal Pipelining                             ; Off                            ; Off                            ;
; Fitter Effort                                                      ; Auto Fit                       ; Auto Fit                       ;
; Physical Synthesis Effort Level                                    ; Normal                         ; Normal                         ;
; Logic Cell Insertion - Logic Duplication                           ; Auto                           ; Auto                           ;
; Auto Register Duplication                                          ; Auto                           ; Auto                           ;
; Auto Global Clock                                                  ; On                             ; On                             ;
; Auto Global Register Control Signals                               ; On                             ; On                             ;
; Stop After Congestion Map Generation                               ; Off                            ; Off                            ;
; Save Intermediate Fitting Results                                  ; Off                            ; Off                            ;
; Force Fitter to Avoid Periphery Placement Warnings                 ; Off                            ; Off                            ;
+--------------------------------------------------------------------+--------------------------------+--------------------------------+


+------------------------------------------+
; Parallel Compilation                     ;
+----------------------------+-------------+
; Processors                 ; Number      ;
+----------------------------+-------------+
; Number detected on machine ; 2           ;
; Maximum allowed            ; 2           ;
;                            ;             ;
; Average used               ; 1.18        ;
; Maximum used               ; 2           ;
;                            ;             ;
; Usage by Processor         ; % Time Used ;
;     1 processor            ; 100.0%      ;
;     2 processors           ;  10.0%      ;
+----------------------------+-------------+


+--------------+
; Pin-Out File ;
+--------------+
The pin-out file can be found in G:/richtig/right.pin.


+------------------------------------------------------------------+
; Fitter Resource Usage Summary                                    ;
+---------------------------------------------+--------------------+
; Resource                                    ; Usage              ;
+---------------------------------------------+--------------------+
; Total logic elements                        ; 229 / 240 ( 95 % ) ;
;     -- Combinational with no register       ; 94                 ;
;     -- Register only                        ; 20                 ;
;     -- Combinational with a register        ; 115                ;
;                                             ;                    ;
; Logic element usage by number of LUT inputs ;                    ;
;     -- 4 input functions                    ; 57                 ;
;     -- 3 input functions                    ; 51                 ;
;     -- 2 input functions                    ; 82                 ;
;     -- 1 input functions                    ; 17                 ;
;     -- 0 input functions                    ; 2                  ;
;                                             ;                    ;
; Logic elements by mode                      ;                    ;
;     -- normal mode                          ; 137                ;
;     -- arithmetic mode                      ; 92                 ;
;     -- qfbk mode                            ; 9                  ;
;     -- register cascade mode                ; 0                  ;
;     -- synchronous clear/load mode          ; 35                 ;
;     -- asynchronous clear/load mode         ; 104                ;
;                                             ;                    ;
; Total registers                             ; 135 / 240 ( 56 % ) ;
; Total LABs                                  ; 24 / 24 ( 100 % )  ;
; Logic elements in carry chains              ; 100                ;
; User inserted logic elements                ; 0                  ;
; Virtual pins                                ; 0                  ;
; I/O pins                                    ; 43 / 80 ( 54 % )   ;
;     -- Clock pins                           ; 4                  ;
; Global signals                              ; 4                  ;
; UFM blocks                                  ; 0 / 1 ( 0 % )      ;
; Global clocks                               ; 4 / 4 ( 100 % )    ;
; JTAGs                                       ; 0 / 1 ( 0 % )      ;
; Average interconnect usage (total/H/V)      ; 29% / 31% / 27%    ;
; Peak interconnect usage (total/H/V)         ; 29% / 31% / 27%    ;
; Maximum fan-out node                        ; rst                ;
; Maximum fan-out                             ; 107                ;
; Highest non-global fan-out signal           ; en                 ;
; Highest non-global fan-out                  ; 23                 ;
; Total fan-out                               ; 1017               ;
; Average fan-out                             ; 3.74               ;
+---------------------------------------------+--------------------+


+------------------------------------------------------------------------------------------------------------------------------------------------------------------------------------------------------------------+
; Input Pins                                                                                                                                                                                                       ;
+-----------+-------+----------+--------------+--------------+-------------+-----------------------+--------------------+--------+-----------------+----------+--------------+--------------+----------------------+
; Name      ; Pin # ; I/O Bank ; X coordinate ; Y coordinate ; Cell number ; Combinational Fan-Out ; Registered Fan-Out ; Global ; PCI I/O Enabled ; Bus Hold ; Weak Pull Up ; I/O Standard ; Location assigned by ;
+-----------+-------+----------+--------------+--------------+-------------+-----------------------+--------------------+--------+-----------------+----------+--------------+--------------+----------------------+
; clk_16MHZ ; 14    ; 1        ; 1            ; 2            ; 0           ; 94                    ; 0                  ; yes    ; no              ; no       ; Off          ; 3.3-V LVTTL  ; User                 ;
; rst       ; 73    ; 2        ; 8            ; 4            ; 1           ; 107                   ; 0                  ; yes    ; no              ; no       ; Off          ; 3.3-V LVTTL  ; User                 ;
; select    ; 6     ; 1        ; 1            ; 3            ; 0           ; 2                     ; 0                  ; no     ; no              ; no       ; Off          ; 3.3-V LVTTL  ; User                 ;
; sig_1HZ   ; 5     ; 1        ; 1            ; 4            ; 3           ; 5                     ; 0                  ; no     ; no              ; no       ; Off          ; 3.3-V LVTTL  ; User                 ;
; sig_KHZ   ; 72    ; 2        ; 8            ; 4            ; 2           ; 11                    ; 0                  ; yes    ; no              ; no       ; Off          ; 3.3-V LVTTL  ; User                 ;
+-----------+-------+----------+--------------+--------------+-------------+-----------------------+--------------------+--------+-----------------+----------+--------------+--------------+----------------------+


+---------------------------------------------------------------------------------------------------------------------------------------------------------------------------------------------------------------------------------------------------------------------------------+
; Output Pins                                                                                                                                                                                                                                                                     ;
+------------+-------+----------+--------------+--------------+-------------+-----------------+----------------+-----------------+------------+---------------+----------+--------------+--------------+------------------+------------------------+----------------------+-------+
; Name       ; Pin # ; I/O Bank ; X coordinate ; Y coordinate ; Cell number ; Output Register ; Slow Slew Rate ; PCI I/O Enabled ; Open Drain ; TRI Primitive ; Bus Hold ; Weak Pull Up ; I/O Standard ; Current Strength ; Fast Output Connection ; Location assigned by ; Load  ;
+------------+-------+----------+--------------+--------------+-------------+-----------------+----------------+-----------------+------------+---------------+----------+--------------+--------------+------------------+------------------------+----------------------+-------+
; BCD[0]     ; 74    ; 2        ; 8            ; 4            ; 0           ; no              ; no             ; no              ; no         ; no            ; no       ; Off          ; 3.3-V LVTTL  ; 16mA             ; no                     ; Fitter               ; 10 pF ;
; BCD[1]     ; 50    ; 1        ; 7            ; 0            ; 1           ; no              ; no             ; no              ; no         ; no            ; no       ; Off          ; 3.3-V LVTTL  ; 16mA             ; no                     ; Fitter               ; 10 pF ;
; BCD[2]     ; 64    ; 2        ; 8            ; 3            ; 4           ; no              ; no             ; no              ; no         ; no            ; no       ; Off          ; 3.3-V LVTTL  ; 16mA             ; no                     ; Fitter               ; 10 pF ;
; BCD[3]     ; 40    ; 1        ; 5            ; 0            ; 2           ; no              ; no             ; no              ; no         ; no            ; no       ; Off          ; 3.3-V LVTTL  ; 16mA             ; no                     ; Fitter               ; 10 pF ;
; Dout[0]    ; 57    ; 2        ; 8            ; 2            ; 3           ; no              ; no             ; no              ; no         ; no            ; no       ; Off          ; 3.3-V LVTTL  ; 16mA             ; no                     ; User                 ; 10 pF ;
; Dout[1]    ; 58    ; 2        ; 8            ; 2            ; 2           ; no              ; no             ; no              ; no         ; no            ; no       ; Off          ; 3.3-V LVTTL  ; 16mA             ; no                     ; User                 ; 10 pF ;
; Dout[2]    ; 66    ; 2        ; 8            ; 3            ; 3           ; no              ; no             ; no              ; no         ; no            ; no       ; Off          ; 3.3-V LVTTL  ; 16mA             ; no                     ; User                 ; 10 pF ;
; Dout[3]    ; 67    ; 2        ; 8            ; 3            ; 2           ; no              ; no             ; no              ; no         ; no            ; no       ; Off          ; 3.3-V LVTTL  ; 16mA             ; no                     ; User                 ; 10 pF ;
; Dout[4]    ; 68    ; 2        ; 8            ; 3            ; 1           ; no              ; no             ; no              ; no         ; no            ; no       ; Off          ; 3.3-V LVTTL  ; 16mA             ; no                     ; User                 ; 10 pF ;
; Dout[5]    ; 69    ; 2        ; 8            ; 3            ; 0           ; no              ; no             ; no              ; no         ; no            ; no       ; Off          ; 3.3-V LVTTL  ; 16mA             ; no                     ; User                 ; 10 pF ;
; Dout[6]    ; 70    ; 2        ; 8            ; 4            ; 4           ; no              ; no             ; no              ; no         ; no            ; no       ; Off          ; 3.3-V LVTTL  ; 16mA             ; no                     ; User                 ; 10 pF ;
; Dout[7]    ; 71    ; 2        ; 8            ; 4            ; 3           ; no              ; no             ; no              ; no         ; no            ; no       ; Off          ; 3.3-V LVTTL  ; 16mA             ; no                     ; User                 ; 10 pF ;
; N[0]       ; 87    ; 2        ; 5            ; 5            ; 2           ; no              ; no             ; no              ; no         ; no            ; no       ; Off          ; 3.3-V LVTTL  ; 16mA             ; no                     ; Fitter               ; 10 pF ;
; N[10]      ; 55    ; 2        ; 8            ; 1            ; 1           ; no              ; no             ; no              ; no         ; no            ; no       ; Off          ; 3.3-V LVTTL  ; 16mA             ; yes                    ; Fitter               ; 10 pF ;
; N[1]       ; 88    ; 2        ; 5            ; 5            ; 3           ; no              ; no             ; no              ; no         ; no            ; no       ; Off          ; 3.3-V LVTTL  ; 16mA             ; no                     ; Fitter               ; 10 pF ;
; N[2]       ; 20    ; 1        ; 1            ; 1            ; 2           ; no              ; no             ; no              ; no         ; no            ; no       ; Off          ; 3.3-V LVTTL  ; 16mA             ; no                     ; Fitter               ; 10 pF ;
; N[3]       ; 84    ; 2        ; 6            ; 5            ; 3           ; no              ; no             ; no              ; no         ; no            ; no       ; Off          ; 3.3-V LVTTL  ; 16mA             ; no                     ; Fitter               ; 10 pF ;
; N[4]       ; 82    ; 2        ; 6            ; 5            ; 1           ; no              ; no             ; no              ; no         ; no            ; no       ; Off          ; 3.3-V LVTTL  ; 16mA             ; no                     ; Fitter               ; 10 pF ;
; N[5]       ; 49    ; 1        ; 7            ; 0            ; 2           ; no              ; no             ; no              ; no         ; no            ; no       ; Off          ; 3.3-V LVTTL  ; 16mA             ; yes                    ; Fitter               ; 10 pF ;
; N[6]       ; 47    ; 1        ; 6            ; 0            ; 1           ; no              ; no             ; no              ; no         ; no            ; no       ; Off          ; 3.3-V LVTTL  ; 16mA             ; no                     ; Fitter               ; 10 pF ;
; N[7]       ; 18    ; 1        ; 1            ; 1            ; 0           ; no              ; no             ; no              ; no         ; no            ; no       ; Off          ; 3.3-V LVTTL  ; 16mA             ; no                     ; Fitter               ; 10 pF ;
; N[8]       ; 81    ; 2        ; 6            ; 5            ; 0           ; no              ; no             ; no              ; no         ; no            ; no       ; Off          ; 3.3-V LVTTL  ; 16mA             ; no                     ; Fitter               ; 10 pF ;
; N[9]       ; 83    ; 2        ; 6            ; 5            ; 2           ; no              ; no             ; no              ; no         ; no            ; no       ; Off          ; 3.3-V LVTTL  ; 16mA             ; no                     ; Fitter               ; 10 pF ;
; ctl[0]     ; 4     ; 1        ; 1            ; 4            ; 2           ; no              ; no             ; no              ; no         ; no            ; no       ; Off          ; 3.3-V LVTTL  ; 16mA             ; yes                    ; User                 ; 10 pF ;
; ctl[1]     ; 3     ; 1        ; 1            ; 4            ; 1           ; no              ; no             ; no              ; no         ; no            ; no       ; Off          ; 3.3-V LVTTL  ; 16mA             ; yes                    ; User                 ; 10 pF ;
; ctl[2]     ; 2     ; 1        ; 1            ; 4            ; 0           ; no              ; no             ; no              ; no         ; no            ; no       ; Off          ; 3.3-V LVTTL  ; 16mA             ; yes                    ; User                 ; 10 pF ;
; ctl[3]     ; 1     ; 2        ; 2            ; 5            ; 3           ; no              ; no             ; no              ; no         ; no            ; no       ; Off          ; 3.3-V LVTTL  ; 16mA             ; yes                    ; User                 ; 10 pF ;
; result[0]  ; 62    ; 2        ; 8            ; 2            ; 0           ; no              ; no             ; no              ; no         ; no            ; no       ; Off          ; 3.3-V LVTTL  ; 16mA             ; no                     ; Fitter               ; 10 pF ;
; result[10] ; 89    ; 2        ; 4            ; 5            ; 0           ; no              ; no             ; no              ; no         ; no            ; no       ; Off          ; 3.3-V LVTTL  ; 16mA             ; no                     ; Fitter               ; 10 pF ;
; result[1]  ; 7     ; 1        ; 1            ; 3            ; 1           ; no              ; no             ; no              ; no         ; no            ; no       ; Off          ; 3.3-V LVTTL  ; 16mA             ; no                     ; Fitter               ; 10 pF ;
; result[2]  ; 54    ; 2        ; 8            ; 1            ; 2           ; no              ; no             ; no              ; no         ; no            ; no       ; Off          ; 3.3-V LVTTL  ; 16mA             ; no                     ; Fitter               ; 10 pF ;
; result[3]  ; 12    ; 1        ; 1            ; 3            ; 3           ; no              ; no             ; no              ; no         ; no            ; no       ; Off          ; 3.3-V LVTTL  ; 16mA             ; no                     ; Fitter               ; 10 pF ;
; result[4]  ; 61    ; 2        ; 8            ; 2            ; 1           ; no              ; no             ; no              ; no         ; no            ; no       ; Off          ; 3.3-V LVTTL  ; 16mA             ; no                     ; Fitter               ; 10 pF ;
; result[5]  ; 91    ; 2        ; 4            ; 5            ; 2           ; no              ; no             ; no              ; no         ; no            ; no       ; Off          ; 3.3-V LVTTL  ; 16mA             ; no                     ; Fitter               ; 10 pF ;
; result[6]  ; 39    ; 1        ; 5            ; 0            ; 3           ; no              ; no             ; no              ; no         ; no            ; no       ; Off          ; 3.3-V LVTTL  ; 16mA             ; no                     ; Fitter               ; 10 pF ;
; result[7]  ; 75    ; 2        ; 7            ; 5            ; 0           ; no              ; no             ; no              ; no         ; no            ; no       ; Off          ; 3.3-V LVTTL  ; 16mA             ; no                     ; Fitter               ; 10 pF ;
; result[8]  ; 95    ; 2        ; 3            ; 5            ; 1           ; no              ; no             ; no              ; no         ; no            ; no       ; Off          ; 3.3-V LVTTL  ; 16mA             ; no                     ; Fitter               ; 10 pF ;
; result[9]  ; 36    ; 1        ; 4            ; 0            ; 2           ; no              ; no             ; no              ; no         ; no            ; no       ; Off          ; 3.3-V LVTTL  ; 16mA             ; no                     ; Fitter               ; 10 pF ;
+------------+-------+----------+--------------+--------------+-------------+-----------------+----------------+-----------------+------------+---------------+----------+--------------+--------------+------------------+------------------------+----------------------+-------+


+------------------------------------------------------------+
; I/O Bank Usage                                             ;
+----------+------------------+---------------+--------------+
; I/O Bank ; Usage            ; VCCIO Voltage ; VREF Voltage ;
+----------+------------------+---------------+--------------+
; 1        ; 16 / 38 ( 42 % ) ; 3.3V          ; --           ;
; 2        ; 27 / 42 ( 64 % ) ; 3.3V          ; --           ;
+----------+------------------+---------------+--------------+


+------------------------------------------------------------------------------------------------------------------------------------------------+
; All Package Pins                                                                                                                               ;
+----------+------------+----------+----------------+--------+--------------+-----------+------------+-----------------+----------+--------------+
; Location ; Pad Number ; I/O Bank ; Pin Name/Usage ; Dir.   ; I/O Standard ; Voltage   ; I/O Type   ; User Assignment ; Bus Hold ; Weak Pull Up ;
+----------+------------+----------+----------------+--------+--------------+-----------+------------+-----------------+----------+--------------+
; 1        ; 83         ; 2        ; ctl[3]         ; output ; 3.3-V LVTTL  ;           ; Column I/O ; Y               ; no       ; Off          ;
; 2        ; 0          ; 1        ; ctl[2]         ; output ; 3.3-V LVTTL  ;           ; Row I/O    ; Y               ; no       ; Off          ;
; 3        ; 1          ; 1        ; ctl[1]         ; output ; 3.3-V LVTTL  ;           ; Row I/O    ; Y               ; no       ; Off          ;
; 4        ; 2          ; 1        ; ctl[0]         ; output ; 3.3-V LVTTL  ;           ; Row I/O    ; Y               ; no       ; Off          ;
; 5        ; 3          ; 1        ; sig_1HZ        ; input  ; 3.3-V LVTTL  ;           ; Row I/O    ; Y               ; no       ; Off          ;
; 6        ; 4          ; 1        ; select         ; input  ; 3.3-V LVTTL  ;           ; Row I/O    ; Y               ; no       ; Off          ;
; 7        ; 5          ; 1        ; result[1]      ; output ; 3.3-V LVTTL  ;           ; Row I/O    ; N               ; no       ; Off          ;
; 8        ; 6          ; 1        ; GND*           ;        ;              ;           ; Row I/O    ;                 ; no       ; Off          ;
; 9        ;            ; 1        ; VCCIO1         ; power  ;              ; 3.3V      ; --         ;                 ; --       ; --           ;
; 10       ;            ;          ; GNDIO          ; gnd    ;              ;           ; --         ;                 ; --       ; --           ;
; 11       ;            ;          ; GNDINT         ; gnd    ;              ;           ; --         ;                 ; --       ; --           ;
; 12       ; 7          ; 1        ; result[3]      ; output ; 3.3-V LVTTL  ;           ; Row I/O    ; N               ; no       ; Off          ;
; 13       ;            ;          ; VCCINT         ; power  ;              ; 2.5V/3.3V ; --         ;                 ; --       ; --           ;
; 14       ; 8          ; 1        ; clk_16MHZ      ; input  ; 3.3-V LVTTL  ;           ; Row I/O    ; Y               ; no       ; Off          ;
; 15       ; 9          ; 1        ; GND*           ;        ;              ;           ; Row I/O    ;                 ; no       ; Off          ;
; 16       ; 10         ; 1        ; GND*           ;        ;              ;           ; Row I/O    ;                 ; no       ; Off          ;
; 17       ; 11         ; 1        ; GND*           ;        ;              ;           ; Row I/O    ;                 ; no       ; Off          ;
; 18       ; 12         ; 1        ; N[7]           ; output ; 3.3-V LVTTL  ;           ; Row I/O    ; N               ; no       ; Off          ;
; 19       ; 13         ; 1        ; GND*           ;        ;              ;           ; Row I/O    ;                 ; no       ; Off          ;
; 20       ; 14         ; 1        ; N[2]           ; output ; 3.3-V LVTTL  ;           ; Row I/O    ; N               ; no       ; Off          ;
; 21       ; 15         ; 1        ; GND*           ;        ;              ;           ; Row I/O    ;                 ; no       ; Off          ;
; 22       ; 16         ; 1        ; #TMS           ; input  ;              ;           ; --         ;                 ; --       ; --           ;
; 23       ; 17         ; 1        ; #TDI           ; input  ;              ;           ; --         ;                 ; --       ; --           ;
; 24       ; 18         ; 1        ; #TCK           ; input  ;              ;           ; --         ;                 ; --       ; --           ;
; 25       ; 19         ; 1        ; #TDO           ; output ;              ;           ; --         ;                 ; --       ; --           ;
; 26       ; 20         ; 1        ; GND*           ;        ;              ;           ; Column I/O ;                 ; no       ; Off          ;
; 27       ; 21         ; 1        ; GND*           ;        ;              ;           ; Column I/O ;                 ; no       ; Off          ;
; 28       ; 22         ; 1        ; GND*           ;        ;              ;           ; Column I/O ;                 ; no       ; Off          ;
; 29       ; 23         ; 1        ; GND*           ;        ;              ;           ; Column I/O ;                 ; no       ; Off          ;
; 30       ; 24         ; 1        ; GND*           ;        ;              ;           ; Column I/O ;                 ; no       ; Off          ;
; 31       ;            ; 1        ; VCCIO1         ; power  ;              ; 3.3V      ; --         ;                 ; --       ; --           ;
; 32       ;            ;          ; GNDIO          ; gnd    ;              ;           ; --         ;                 ; --       ; --           ;
; 33       ; 25         ; 1        ; GND*           ;        ;              ;           ; Column I/O ;                 ; no       ; Off          ;
; 34       ; 26         ; 1        ; GND*           ;        ;              ;           ; Column I/O ;                 ; no       ; Off          ;
; 35       ; 27         ; 1        ; GND*           ;        ;              ;           ; Column I/O ;                 ; no       ; Off          ;
; 36       ; 28         ; 1        ; result[9]      ; output ; 3.3-V LVTTL  ;           ; Column I/O ; N               ; no       ; Off          ;
; 37       ; 29         ; 1        ; GND*           ;        ;              ;           ; Column I/O ;                 ; no       ; Off          ;
; 38       ; 30         ; 1        ; GND*           ;        ;              ;           ; Column I/O ;                 ; no       ; Off          ;
; 39       ; 31         ; 1        ; result[6]      ; output ; 3.3-V LVTTL  ;           ; Column I/O ; N               ; no       ; Off          ;
; 40       ; 32         ; 1        ; BCD[3]         ; output ; 3.3-V LVTTL  ;           ; Column I/O ; N               ; no       ; Off          ;
; 41       ; 33         ; 1        ; GND*           ;        ;              ;           ; Column I/O ;                 ; no       ; Off          ;
; 42       ; 34         ; 1        ; GND*           ;        ;              ;           ; Column I/O ;                 ; no       ; Off          ;
; 43       ; 35         ; 1        ; GND*           ;        ;              ;           ; Column I/O ;                 ; no       ; Off          ;
; 44       ; 36         ; 1        ; GND*           ;        ;              ;           ; Column I/O ;                 ; no       ; Off          ;
; 45       ;            ; 1        ; VCCIO1         ; power  ;              ; 3.3V      ; --         ;                 ; --       ; --           ;
; 46       ;            ;          ; GNDIO          ; gnd    ;              ;           ; --         ;                 ; --       ; --           ;
; 47       ; 37         ; 1        ; N[6]           ; output ; 3.3-V LVTTL  ;           ; Column I/O ; N               ; no       ; Off          ;
; 48       ; 38         ; 1        ; GND*           ;        ;              ;           ; Column I/O ;                 ; no       ; Off          ;
; 49       ; 39         ; 1        ; N[5]           ; output ; 3.3-V LVTTL  ;           ; Column I/O ; N               ; no       ; Off          ;
; 50       ; 40         ; 1        ; BCD[1]         ; output ; 3.3-V LVTTL  ;           ; Column I/O ; N               ; no       ; Off          ;
; 51       ; 41         ; 1        ; GND*           ;        ;              ;           ; Column I/O ;                 ; no       ; Off          ;
; 52       ; 42         ; 2        ; GND*           ;        ;              ;           ; Row I/O    ;                 ; no       ; Off          ;
; 53       ; 43         ; 2        ; GND*           ;        ;              ;           ; Row I/O    ;                 ; no       ; Off          ;
; 54       ; 44         ; 2        ; result[2]      ; output ; 3.3-V LVTTL  ;           ; Row I/O    ; N               ; no       ; Off          ;
; 55       ; 45         ; 2        ; N[10]          ; output ; 3.3-V LVTTL  ;           ; Row I/O    ; N               ; no       ; Off          ;
; 56       ; 46         ; 2        ; GND*           ;        ;              ;           ; Row I/O    ;                 ; no       ; Off          ;
; 57       ; 47         ; 2        ; Dout[0]        ; output ; 3.3-V LVTTL  ;           ; Row I/O    ; Y               ; no       ; Off          ;
; 58       ; 48         ; 2        ; Dout[1]        ; output ; 3.3-V LVTTL  ;           ; Row I/O    ; Y               ; no       ; Off          ;
; 59       ;            ; 2        ; VCCIO2         ; power  ;              ; 3.3V      ; --         ;                 ; --       ; --           ;
; 60       ;            ;          ; GNDIO          ; gnd    ;              ;           ; --         ;                 ; --       ; --           ;
; 61       ; 49         ; 2        ; result[4]      ; output ; 3.3-V LVTTL  ;           ; Row I/O    ; N               ; no       ; Off          ;
; 62       ; 50         ; 2        ; result[0]      ; output ; 3.3-V LVTTL  ;           ; Row I/O    ; N               ; no       ; Off          ;
; 63       ;            ;          ; VCCINT         ; power  ;              ; 2.5V/3.3V ; --         ;                 ; --       ; --           ;
; 64       ; 51         ; 2        ; BCD[2]         ; output ; 3.3-V LVTTL  ;           ; Row I/O    ; N               ; no       ; Off          ;
; 65       ;            ;          ; GNDINT         ; gnd    ;              ;           ; --         ;                 ; --       ; --           ;
; 66       ; 52         ; 2        ; Dout[2]        ; output ; 3.3-V LVTTL  ;           ; Row I/O    ; Y               ; no       ; Off          ;
; 67       ; 53         ; 2        ; Dout[3]        ; output ; 3.3-V LVTTL  ;           ; Row I/O    ; Y               ; no       ; Off          ;
; 68       ; 54         ; 2        ; Dout[4]        ; output ; 3.3-V LVTTL  ;           ; Row I/O    ; Y               ; no       ; Off          ;
; 69       ; 55         ; 2        ; Dout[5]        ; output ; 3.3-V LVTTL  ;           ; Row I/O    ; Y               ; no       ; Off          ;
; 70       ; 56         ; 2        ; Dout[6]        ; output ; 3.3-V LVTTL  ;           ; Row I/O    ; Y               ; no       ; Off          ;
; 71       ; 57         ; 2        ; Dout[7]        ; output ; 3.3-V LVTTL  ;           ; Row I/O    ; Y               ; no       ; Off          ;
; 72       ; 58         ; 2        ; sig_KHZ        ; input  ; 3.3-V LVTTL  ;           ; Row I/O    ; Y               ; no       ; Off          ;
; 73       ; 59         ; 2        ; rst            ; input  ; 3.3-V LVTTL  ;           ; Row I/O    ; Y               ; no       ; Off          ;
; 74       ; 60         ; 2        ; BCD[0]         ; output ; 3.3-V LVTTL  ;           ; Row I/O    ; N               ; no       ; Off          ;
; 75       ; 61         ; 2        ; result[7]      ; output ; 3.3-V LVTTL  ;           ; Column I/O ; N               ; no       ; Off          ;
; 76       ; 62         ; 2        ; GND*           ;        ;              ;           ; Column I/O ;                 ; no       ; Off          ;
; 77       ; 63         ; 2        ; GND*           ;        ;              ;           ; Column I/O ;                 ; no       ; Off          ;
; 78       ; 64         ; 2        ; GND*           ;        ;              ;           ; Column I/O ;                 ; no       ; Off          ;
; 79       ;            ;          ; GNDIO          ; gnd    ;              ;           ; --         ;                 ; --       ; --           ;
; 80       ;            ; 2        ; VCCIO2         ; power  ;              ; 3.3V      ; --         ;                 ; --       ; --           ;
; 81       ; 65         ; 2        ; N[8]           ; output ; 3.3-V LVTTL  ;           ; Column I/O ; N               ; no       ; Off          ;
; 82       ; 66         ; 2        ; N[4]           ; output ; 3.3-V LVTTL  ;           ; Column I/O ; N               ; no       ; Off          ;
; 83       ; 67         ; 2        ; N[9]           ; output ; 3.3-V LVTTL  ;           ; Column I/O ; N               ; no       ; Off          ;
; 84       ; 68         ; 2        ; N[3]           ; output ; 3.3-V LVTTL  ;           ; Column I/O ; N               ; no       ; Off          ;
; 85       ; 69         ; 2        ; GND*           ;        ;              ;           ; Column I/O ;                 ; no       ; Off          ;
; 86       ; 70         ; 2        ; GND*           ;        ;              ;           ; Column I/O ;                 ; no       ; Off          ;
; 87       ; 71         ; 2        ; N[0]           ; output ; 3.3-V LVTTL  ;           ; Column I/O ; N               ; no       ; Off          ;
; 88       ; 72         ; 2        ; N[1]           ; output ; 3.3-V LVTTL  ;           ; Column I/O ; N               ; no       ; Off          ;
; 89       ; 73         ; 2        ; result[10]     ; output ; 3.3-V LVTTL  ;           ; Column I/O ; N               ; no       ; Off          ;
; 90       ; 74         ; 2        ; GND*           ;        ;              ;           ; Column I/O ;                 ; no       ; Off          ;
; 91       ; 75         ; 2        ; result[5]      ; output ; 3.3-V LVTTL  ;           ; Column I/O ; N               ; no       ; Off          ;
; 92       ; 76         ; 2        ; GND*           ;        ;              ;           ; Column I/O ;                 ; no       ; Off          ;
; 93       ;            ;          ; GNDIO          ; gnd    ;              ;           ; --         ;                 ; --       ; --           ;
; 94       ;            ; 2        ; VCCIO2         ; power  ;              ; 3.3V      ; --         ;                 ; --       ; --           ;
; 95       ; 77         ; 2        ; result[8]      ; output ; 3.3-V LVTTL  ;           ; Column I/O ; N               ; no       ; Off          ;
; 96       ; 78         ; 2        ; GND*           ;        ;              ;           ; Column I/O ;                 ; no       ; Off          ;
; 97       ; 79         ; 2        ; GND*           ;        ;              ;           ; Column I/O ;                 ; no       ; Off          ;
; 98       ; 80         ; 2        ; GND*           ;        ;              ;           ; Column I/O ;                 ; no       ; Off          ;
; 99       ; 81         ; 2        ; GND*           ;        ;              ;           ; Column I/O ;                 ; no       ; Off          ;
; 100      ; 82         ; 2        ; GND*           ;        ;              ;           ; Column I/O ;                 ; no       ; Off          ;
+----------+------------+----------+----------------+--------+--------------+-----------+------------+-----------------+----------+--------------+
Note: Pin directions (input, output or bidir) are based on device operating in user mode.


+-------------------------------------------------------------+
; Output Pin Default Load For Reported TCO                    ;
+----------------------------+-------+------------------------+
; I/O Standard               ; Load  ; Termination Resistance ;
+----------------------------+-------+------------------------+
; 3.3-V LVTTL                ; 10 pF ; Not Available          ;
; 3.3-V LVCMOS               ; 10 pF ; Not Available          ;
; 2.5 V                      ; 10 pF ; Not Available          ;
; 1.8 V                      ; 10 pF ; Not Available          ;
; 1.5 V                      ; 10 pF ; Not Available          ;
; 3.3V Schmitt Trigger Input ; 10 pF ; Not Available          ;
; 2.5V Schmitt Trigger Input ; 10 pF ; Not Available          ;
+----------------------------+-------+------------------------+
Note: User assignments will override these defaults. The user specified values are listed in the Output Pins and Bidir Pins tables.


+----------------------------------------------------------------------------------------------------------------------------------------------------------------------------------------------------------------------+
; Fitter Resource Utilization by Entity                                                                                                                                                                                ;
+----------------------------+-------------+--------------+------------+------+--------------+--------------+-------------------+------------------+-----------------+------------+---------------------+--------------+
; Compilation Hierarchy Node ; Logic Cells ; LC Registers ; UFM Blocks ; Pins ; Virtual Pins ; LUT-Only LCs ; Register-Only LCs ; LUT/Register LCs ; Carry Chain LCs ; Packed LCs ; Full Hierarchy Name ; Library Name ;
+----------------------------+-------------+--------------+------------+------+--------------+--------------+-------------------+------------------+-----------------+------------+---------------------+--------------+
; |right                     ; 229 (229)   ; 135          ; 0          ; 43   ; 0            ; 94 (94)      ; 20 (20)           ; 115 (115)        ; 100 (100)       ; 9 (9)      ; |right              ; work         ;
+----------------------------+-------------+--------------+------------+------+--------------+--------------+-------------------+------------------+-----------------+------------+---------------------+--------------+
Note: For table entries with two numbers listed, the numbers in parentheses indicate the number of resources of the given type used by the specific entity alone. The numbers listed outside of parentheses indicate the total resources of the given type used by the specific entity and all of its sub-entities in the hierarchy.


+---------------------------------------+
; Delay Chain Summary                   ;
+------------+----------+---------------+
; Name       ; Pin Type ; Pad to Core 0 ;
+------------+----------+---------------+
; rst        ; Input    ; 0             ;
; clk_16MHZ  ; Input    ; 0             ;
; sig_1HZ    ; Input    ; 0             ;
; select     ; Input    ; 1             ;
; sig_KHZ    ; Input    ; 0             ;
; BCD[0]     ; Output   ; --            ;
; BCD[1]     ; Output   ; --            ;
; BCD[2]     ; Output   ; --            ;
; BCD[3]     ; Output   ; --            ;
; ctl[0]     ; Output   ; --            ;
; ctl[1]     ; Output   ; --            ;
; ctl[2]     ; Output   ; --            ;
; ctl[3]     ; Output   ; --            ;
; Dout[0]    ; Output   ; --            ;
; Dout[1]    ; Output   ; --            ;
; Dout[2]    ; Output   ; --            ;
; Dout[3]    ; Output   ; --            ;
; Dout[4]    ; Output   ; --            ;
; Dout[5]    ; Output   ; --            ;
; Dout[6]    ; Output   ; --            ;
; Dout[7]    ; Output   ; --            ;
; result[0]  ; Output   ; --            ;
; result[1]  ; Output   ; --            ;
; result[2]  ; Output   ; --            ;
; result[3]  ; Output   ; --            ;
; result[4]  ; Output   ; --            ;
; result[5]  ; Output   ; --            ;
; result[6]  ; Output   ; --            ;
; result[7]  ; Output   ; --            ;
; result[8]  ; Output   ; --            ;
; result[9]  ; Output   ; --            ;
; result[10] ; Output   ; --            ;
; N[0]       ; Output   ; --            ;
; N[1]       ; Output   ; --            ;
; N[2]       ; Output   ; --            ;
; N[3]       ; Output   ; --            ;
; N[4]       ; Output   ; --            ;
; N[5]       ; Output   ; --            ;
; N[6]       ; Output   ; --            ;
; N[7]       ; Output   ; --            ;
; N[8]       ; Output   ; --            ;
; N[9]       ; Output   ; --            ;
; N[10]      ; Output   ; --            ;
+------------+----------+---------------+


+-------------------------------------------------------------------------------------------------------------------------------------------------+
; Control Signals                                                                                                                                 ;
+--------------+-------------+---------+-------------------------------------------------------+--------+----------------------+------------------+
; Name         ; Location    ; Fan-Out ; Usage                                                 ; Global ; Global Resource Used ; Global Line Name ;
+--------------+-------------+---------+-------------------------------------------------------+--------+----------------------+------------------+
; Selector5~0  ; LC_X7_Y1_N9 ; 11      ; Clock enable                                          ; no     ; --                   ; --               ;
; asd[0]~44    ; LC_X4_Y2_N5 ; 6       ; Clock enable                                          ; no     ; --                   ; --               ;
; asd[4]~45    ; LC_X4_Y2_N8 ; 4       ; Clock enable                                          ; no     ; --                   ; --               ;
; asd[8]~46    ; LC_X4_Y2_N6 ; 6       ; Clock enable                                          ; no     ; --                   ; --               ;
; clk_16MHZ    ; PIN_14      ; 94      ; Clock                                                 ; yes    ; Global Clock         ; GCLK1            ;
; clk_1KHZ     ; LC_X2_Y3_N8 ; 31      ; Clock                                                 ; yes    ; Global Clock         ; GCLK2            ;
; en           ; LC_X7_Y4_N4 ; 23      ; Clock enable                                          ; no     ; --                   ; --               ;
; qwe[19]~40   ; LC_X6_Y1_N8 ; 20      ; Clock enable                                          ; no     ; --                   ; --               ;
; result[0]~56 ; LC_X3_Y3_N2 ; 11      ; Clock enable                                          ; no     ; --                   ; --               ;
; rst          ; PIN_73      ; 107     ; Async. clear, Async. load, Clock enable, Latch enable ; yes    ; Global Clock         ; GCLK0            ;
; sig_KHZ      ; PIN_72      ; 11      ; Clock                                                 ; yes    ; Global Clock         ; GCLK3            ;
; state.0010   ; LC_X4_Y3_N9 ; 15      ; Sync. load                                            ; no     ; --                   ; --               ;
+--------------+-------------+---------+-------------------------------------------------------+--------+----------------------+------------------+


+-----------------------------------------------------------------------------+
; Global & Other Fast Signals                                                 ;
+-----------+-------------+---------+----------------------+------------------+
; Name      ; Location    ; Fan-Out ; Global Resource Used ; Global Line Name ;
+-----------+-------------+---------+----------------------+------------------+
; clk_16MHZ ; PIN_14      ; 94      ; Global Clock         ; GCLK1            ;
; clk_1KHZ  ; LC_X2_Y3_N8 ; 31      ; Global Clock         ; GCLK2            ;
; rst       ; PIN_73      ; 107     ; Global Clock         ; GCLK0            ;
; sig_KHZ   ; PIN_72      ; 11      ; Global Clock         ; GCLK3            ;
+-----------+-------------+---------+----------------------+------------------+


+---------------------------------+
; Non-Global High Fan-Out Signals ;
+-----------------+---------------+
; Name            ; Fan-Out       ;
+-----------------+---------------+
; en              ; 23            ;
; qwe[19]~40      ; 20            ;
; state.0010      ; 15            ;
; state.1011      ; 15            ;
; ~GND            ; 13            ;
; Selector5~0     ; 11            ;
; result[0]~56    ; 11            ;
; BCD[3]~reg0     ; 9             ;
; BCD[2]~reg0     ; 9             ;
; BCD[1]~reg0     ; 9             ;
; BCD[0]~reg0     ; 9             ;
; Equal2~1        ; 8             ;
; Equal1~4        ; 7             ;
; Equal2~3        ; 7             ;
; temp            ; 7             ;
; decide          ; 7             ;
; asd[8]~46       ; 6             ;
; asd[0]~44       ; 6             ;
; asd[8]          ; 6             ;
; asd[4]          ; 6             ;
; light_state.001 ; 6             ;
; asd[0]          ; 6             ;
; sig_1HZ         ; 5             ;
; qwe[4]~52       ; 5             ;
; LessThan0~35    ; 5             ;
; Add1~88         ; 5             ;
; Add1~74         ; 5             ;
; Add1~64         ; 5             ;
; qwe[9]~42       ; 5             ;
; Add2~47         ; 5             ;
; Add2~37         ; 5             ;
; state.0000      ; 5             ;
; state.1001      ; 5             ;
; temp_N[5]~9     ; 5             ;
; state.1010      ; 5             ;
; cnt[5]~9        ; 5             ;
; state.0011      ; 5             ;
; qwe[14]~27      ; 5             ;
; asd[6]          ; 5             ;
; light_state.011 ; 5             ;
; asd[2]          ; 5             ;
; asd[10]         ; 5             ;
; asd[9]          ; 5             ;
; light_state.010 ; 5             ;
; asd[5]          ; 5             ;
; asd[1]          ; 5             ;
; result[4]~42    ; 5             ;
; state.0001      ; 4             ;
; asd[4]~45       ; 4             ;
; clk_10HZ        ; 4             ;
+-----------------+---------------+


+-------------------------------------------------+
; Interconnect Usage Summary                      ;
+----------------------------+--------------------+
; Interconnect Resource Type ; Usage              ;
+----------------------------+--------------------+
; C4s                        ; 167 / 784 ( 21 % ) ;
; Direct links               ; 40 / 888 ( 5 % )   ;
; Global clocks              ; 4 / 4 ( 100 % )    ;
; LAB clocks                 ; 17 / 32 ( 53 % )   ;
; LUT chains                 ; 10 / 216 ( 5 % )   ;
; Local interconnects        ; 268 / 888 ( 30 % ) ;
; R4s                        ; 180 / 704 ( 26 % ) ;
+----------------------------+--------------------+


+---------------------------------------------------------------------------+
; LAB Logic Elements                                                        ;
+--------------------------------------------+------------------------------+
; Number of Logic Elements  (Average = 9.54) ; Number of LABs  (Total = 24) ;
+--------------------------------------------+------------------------------+
; 1                                          ; 1                            ;
; 2                                          ; 0                            ;
; 3                                          ; 0                            ;
; 4                                          ; 0                            ;
; 5                                          ; 0                            ;
; 6                                          ; 0                            ;
; 7                                          ; 0                            ;
; 8                                          ; 0                            ;
; 9                                          ; 2                            ;
; 10                                         ; 21                           ;
+--------------------------------------------+------------------------------+


+-------------------------------------------------------------------+
; LAB-wide Signals                                                  ;
+------------------------------------+------------------------------+
; LAB-wide Signals  (Average = 1.88) ; Number of LABs  (Total = 24) ;
+------------------------------------+------------------------------+
; 1 Async. clear                     ; 14                           ;
; 1 Async. load                      ; 2                            ;
; 1 Clock                            ; 18                           ;
; 1 Clock enable                     ; 7                            ;
; 1 Sync. load                       ; 1                            ;
; 2 Clock enables                    ; 1                            ;
; 2 Clocks                           ; 2                            ;
+------------------------------------+------------------------------+


+----------------------------------------------------------------------------+
; LAB Signals Sourced                                                        ;
+---------------------------------------------+------------------------------+
; Number of Signals Sourced  (Average = 9.25) ; Number of LABs  (Total = 24) ;
+---------------------------------------------+------------------------------+
; 0                                           ; 0                            ;
; 1                                           ; 1                            ;
; 2                                           ; 0                            ;
; 3                                           ; 0                            ;
; 4                                           ; 1                            ;
; 5                                           ; 2                            ;
; 6                                           ; 0                            ;
; 7                                           ; 0                            ;
; 8                                           ; 0                            ;
; 9                                           ; 1                            ;
; 10                                          ; 15                           ;
; 11                                          ; 1                            ;
; 12                                          ; 2                            ;
; 13                                          ; 1                            ;
+---------------------------------------------+------------------------------+


+--------------------------------------------------------------------------------+
; LAB Signals Sourced Out                                                        ;
+-------------------------------------------------+------------------------------+
; Number of Signals Sourced Out  (Average = 7.88) ; Number of LABs  (Total = 24) ;
+-------------------------------------------------+------------------------------+
; 0                                               ; 0                            ;
; 1                                               ; 1                            ;
; 2                                               ; 0                            ;
; 3                                               ; 1                            ;
; 4                                               ; 1                            ;
; 5                                               ; 2                            ;
; 6                                               ; 2                            ;
; 7                                               ; 3                            ;
; 8                                               ; 0                            ;
; 9                                               ; 4                            ;
; 10                                              ; 9                            ;
; 11                                              ; 0                            ;
; 12                                              ; 1                            ;
+-------------------------------------------------+------------------------------+


+-----------------------------------------------------------------------------+
; LAB Distinct Inputs                                                         ;
+----------------------------------------------+------------------------------+
; Number of Distinct Inputs  (Average = 10.17) ; Number of LABs  (Total = 24) ;
+----------------------------------------------+------------------------------+
; 0                                            ; 0                            ;
; 1                                            ; 0                            ;
; 2                                            ; 0                            ;
; 3                                            ; 1                            ;
; 4                                            ; 2                            ;
; 5                                            ; 0                            ;
; 6                                            ; 1                            ;
; 7                                            ; 1                            ;
; 8                                            ; 3                            ;
; 9                                            ; 0                            ;
; 10                                           ; 4                            ;
; 11                                           ; 3                            ;
; 12                                           ; 0                            ;
; 13                                           ; 1                            ;
; 14                                           ; 2                            ;
; 15                                           ; 2                            ;
; 16                                           ; 2                            ;
; 17                                           ; 0                            ;
; 18                                           ; 0                            ;
; 19                                           ; 0                            ;
; 20                                           ; 1                            ;
+----------------------------------------------+------------------------------+


+-------------------------------------------------------------------------+
; Fitter Device Options                                                   ;
+----------------------------------------------+--------------------------+
; Option                                       ; Setting                  ;
+----------------------------------------------+--------------------------+
; Enable user-supplied start-up clock (CLKUSR) ; Off                      ;
; Enable device-wide reset (DEV_CLRn)          ; Off                      ;
; Enable device-wide output enable (DEV_OE)    ; Off                      ;
; Enable INIT_DONE output                      ; Off                      ;
; Configuration scheme                         ; Passive Serial           ;
; Reserve all unused pins                      ; As output driving ground ;
; Base pin-out file on sameframe device        ; Off                      ;
+----------------------------------------------+--------------------------+


+------------------------------------------------------------+
; Estimated Delay Added for Hold Timing                      ;
+-----------------+----------------------+-------------------+
; Source Clock(s) ; Destination Clock(s) ; Delay Added in ns ;
+-----------------+----------------------+-------------------+


+-----------------+
; Fitter Messages ;
+-----------------+
Info: *******************************************************************
Info: Running Quartus II Fitter
    Info: Version 9.0 Build 132 02/25/2009 SJ Full Version
    Info: Processing started: Tue Jan 13 11:30:42 2015
Info: Command: quartus_fit --read_settings_files=off --write_settings_files=off right -c right
Info: Parallel compilation is enabled and will use 2 of the 2 processors detected
Info: Selected device EPM240T100C5 for design "right"
Info: Low junction temperature is 0 degrees C
Info: High junction temperature is 85 degrees C
Info: Fitter is performing an Auto Fit compilation, which may decrease Fitter effort to reduce compilation time
Info: Device migration not selected. If you intend to use device migration later, you may need to change the pin assignments as they may be incompatible with other devices
    Info: Device EPM240T100I5 is compatible
    Info: Device EPM240T100A5 is compatible
    Info: Device EPM570T100C5 is compatible
    Info: Device EPM570T100I5 is compatible
    Info: Device EPM570T100A5 is compatible
Warning: No exact pin location assignment(s) for 26 pins of 43 total pins
    Info: Pin BCD[0] not assigned to an exact location on the device
    Info: Pin BCD[1] not assigned to an exact location on the device
    Info: Pin BCD[2] not assigned to an exact location on the device
    Info: Pin BCD[3] not assigned to an exact location on the device
    Info: Pin result[0] not assigned to an exact location on the device
    Info: Pin result[1] not assigned to an exact location on the device
    Info: Pin result[2] not assigned to an exact location on the device
    Info: Pin result[3] not assigned to an exact location on the device
    Info: Pin result[4] not assigned to an exact location on the device
    Info: Pin result[5] not assigned to an exact location on the device
    Info: Pin result[6] not assigned to an exact location on the device
    Info: Pin result[7] not assigned to an exact location on the device
    Info: Pin result[8] not assigned to an exact location on the device
    Info: Pin result[9] not assigned to an exact location on the device
    Info: Pin result[10] not assigned to an exact location on the device
    Info: Pin N[0] not assigned to an exact location on the device
    Info: Pin N[1] not assigned to an exact location on the device
    Info: Pin N[2] not assigned to an exact location on the device
    Info: Pin N[3] not assigned to an exact location on the device
    Info: Pin N[4] not assigned to an exact location on the device
    Info: Pin N[5] not assigned to an exact location on the device
    Info: Pin N[6] not assigned to an exact location on the device
    Info: Pin N[7] not assigned to an exact location on the device
    Info: Pin N[8] not assigned to an exact location on the device
    Info: Pin N[9] not assigned to an exact location on the device
    Info: Pin N[10] not assigned to an exact location on the device
Info: Fitter is using the Classic Timing Analyzer
Info: Timing requirements not specified -- optimizing circuit to achieve the following default global requirements
    Info: Assuming a global fmax requirement of 1000 MHz
    Info: Assuming a global tsu requirement of 2.0 ns
    Info: Assuming a global tco requirement of 1.0 ns
    Info: Assuming a global tpd requirement of 1.0 ns
Info: Completed User Assigned Global Signals Promotion Operation
Info: Automatically promoted signal "clk_16MHZ" to use Global clock in PIN 14
Info: Automatically promoted some destinations of signal "clk_1KHZ" to use Global clock
    Info: Destination "clk_1KHZ" may be non-global or may not use global clock
Info: Automatically promoted signal "sig_KHZ" to use Global clock
Info: Pin "sig_KHZ" drives global clock, but is not placed in a dedicated clock pin position
Info: Automatically promoted some destinations of signal "rst" to use Global clock
    Info: Destination "decide~2" may be non-global or may not use global clock
    Info: Destination "en" may be non-global or may not use global clock
Info: Pin "rst" drives global clock, but is not placed in a dedicated clock pin position
Info: Completed Auto Global Promotion Operation
Info: Starting register packing
Info: Fitter is using Normal packing mode for logic elements with Auto setting for Auto Packed Registers logic option
Info: Started processing fast register assignments
Info: Finished processing fast register assignments
Info: Finished register packing
Info: Statistics of I/O pins that need to be placed that use the same VCCIO and VREF, before I/O pin placement
    Info: Number of I/O pins in group: 26 (unused VREF, 3.3V VCCIO, 0 input, 26 output, 0 bidirectional)
        Info: I/O standards used: 3.3-V LVTTL.
Info: I/O bank details before I/O pin placement
    Info: Statistics of I/O banks
        Info: I/O bank number 1 does not use VREF pins and has 3.3V VCCIO pins. 6 total pin(s) used --  32 pins available
        Info: I/O bank number 2 does not use VREF pins and has 3.3V VCCIO pins. 11 total pin(s) used --  31 pins available
Info: Fitter preparation operations ending: elapsed time is 00:00:02
Info: Fitter placement preparation operations beginning
Info: Fitter placement preparation operations ending: elapsed time is 00:00:01
Info: Fitter placement operations beginning
Info: Fitter placement was successful
Info: Fitter placement operations ending: elapsed time is 00:00:00
Info: Slack time is -14.552 ns between source register "qwe[0]" and destination register "result[10]~reg0"
    Info: + Largest register to register requirement is 0.291 ns
    Info:   Shortest clock path from clock "clk_16MHZ" to destination register is 3.372 ns
        Info: 1: + IC(0.000 ns) + CELL(1.132 ns) = 1.132 ns; Loc. = Unassigned; Fanout = 94; CLK Node = 'clk_16MHZ'
        Info: 2: + IC(1.322 ns) + CELL(0.918 ns) = 3.372 ns; Loc. = Unassigned; Fanout = 3; REG Node = 'result[10]~reg0'
        Info: Total cell delay = 2.050 ns ( 60.79 % )
        Info: Total interconnect delay = 1.322 ns ( 39.21 % )
    Info:   Longest clock path from clock "clk_16MHZ" to destination register is 3.372 ns
        Info: 1: + IC(0.000 ns) + CELL(1.132 ns) = 1.132 ns; Loc. = Unassigned; Fanout = 94; CLK Node = 'clk_16MHZ'
        Info: 2: + IC(1.322 ns) + CELL(0.918 ns) = 3.372 ns; Loc. = Unassigned; Fanout = 3; REG Node = 'result[10]~reg0'
        Info: Total cell delay = 2.050 ns ( 60.79 % )
        Info: Total interconnect delay = 1.322 ns ( 39.21 % )
    Info:   Shortest clock path from clock "clk_16MHZ" to source register is 3.372 ns
        Info: 1: + IC(0.000 ns) + CELL(1.132 ns) = 1.132 ns; Loc. = Unassigned; Fanout = 94; CLK Node = 'clk_16MHZ'
        Info: 2: + IC(1.322 ns) + CELL(0.918 ns) = 3.372 ns; Loc. = Unassigned; Fanout = 5; REG Node = 'qwe[0]'
        Info: Total cell delay = 2.050 ns ( 60.79 % )
        Info: Total interconnect delay = 1.322 ns ( 39.21 % )
    Info:   Longest clock path from clock "clk_16MHZ" to source register is 3.372 ns
        Info: 1: + IC(0.000 ns) + CELL(1.132 ns) = 1.132 ns; Loc. = Unassigned; Fanout = 94; CLK Node = 'clk_16MHZ'
        Info: 2: + IC(1.322 ns) + CELL(0.918 ns) = 3.372 ns; Loc. = Unassigned; Fanout = 5; REG Node = 'qwe[0]'
        Info: Total cell delay = 2.050 ns ( 60.79 % )
        Info: Total interconnect delay = 1.322 ns ( 39.21 % )
    Info:   Micro clock to output delay of source is 0.376 ns
    Info:   Micro setup delay of destination is 0.333 ns
    Info: - Longest register to register delay is 14.843 ns
        Info: 1: + IC(0.000 ns) + CELL(0.000 ns) = 0.000 ns; Loc. = Unassigned; Fanout = 5; REG Node = 'qwe[0]'
        Info: 2: + IC(2.215 ns) + CELL(0.747 ns) = 2.962 ns; Loc. = Unassigned; Fanout = 1; COMB Node = 'LessThan0~55'
        Info: 3: + IC(0.000 ns) + CELL(0.123 ns) = 3.085 ns; Loc. = Unassigned; Fanout = 1; COMB Node = 'LessThan0~50'
        Info: 4: + IC(0.000 ns) + CELL(0.123 ns) = 3.208 ns; Loc. = Unassigned; Fanout = 1; COMB Node = 'LessThan0~45'
        Info: 5: + IC(0.000 ns) + CELL(0.123 ns) = 3.331 ns; Loc. = Unassigned; Fanout = 1; COMB Node = 'LessThan0~40'
        Info: 6: + IC(0.000 ns) + CELL(0.399 ns) = 3.730 ns; Loc. = Unassigned; Fanout = 1; COMB Node = 'LessThan0~35'
        Info: 7: + IC(0.000 ns) + CELL(0.246 ns) = 3.976 ns; Loc. = Unassigned; Fanout = 1; COMB Node = 'LessThan0~10'
        Info: 8: + IC(0.000 ns) + CELL(1.234 ns) = 5.210 ns; Loc. = Unassigned; Fanout = 1; COMB Node = 'LessThan0~0'
        Info: 9: + IC(0.266 ns) + CELL(0.914 ns) = 6.390 ns; Loc. = Unassigned; Fanout = 1; COMB Node = 'LessThan0~5'
        Info: 10: + IC(0.266 ns) + CELL(0.914 ns) = 7.570 ns; Loc. = Unassigned; Fanout = 3; COMB Node = 'LessThan0~7'
        Info: 11: + IC(0.266 ns) + CELL(0.914 ns) = 8.750 ns; Loc. = Unassigned; Fanout = 4; COMB Node = 'Add6~1'
        Info: 12: + IC(2.475 ns) + CELL(0.978 ns) = 12.203 ns; Loc. = Unassigned; Fanout = 2; COMB Node = 'result[0]~34'
        Info: 13: + IC(0.000 ns) + CELL(0.123 ns) = 12.326 ns; Loc. = Unassigned; Fanout = 2; COMB Node = 'result[1]~36'
        Info: 14: + IC(0.000 ns) + CELL(0.123 ns) = 12.449 ns; Loc. = Unassigned; Fanout = 2; COMB Node = 'result[2]~38'
        Info: 15: + IC(0.000 ns) + CELL(0.123 ns) = 12.572 ns; Loc. = Unassigned; Fanout = 2; COMB Node = 'result[3]~40'
        Info: 16: + IC(0.000 ns) + CELL(0.399 ns) = 12.971 ns; Loc. = Unassigned; Fanout = 6; COMB Node = 'result[4]~42'
        Info: 17: + IC(0.000 ns) + CELL(0.246 ns) = 13.217 ns; Loc. = Unassigned; Fanout = 1; COMB Node = 'result[9]~52'
        Info: 18: + IC(0.000 ns) + CELL(1.626 ns) = 14.843 ns; Loc. = Unassigned; Fanout = 3; REG Node = 'result[10]~reg0'
        Info: Total cell delay = 9.355 ns ( 63.03 % )
        Info: Total interconnect delay = 5.488 ns ( 36.97 % )
Info: Estimated most critical path is register to register delay of 14.843 ns
    Info: 1: + IC(0.000 ns) + CELL(0.000 ns) = 0.000 ns; Loc. = LAB_X6_Y2; Fanout = 5; REG Node = 'qwe[0]'
    Info: 2: + IC(2.215 ns) + CELL(0.747 ns) = 2.962 ns; Loc. = LAB_X5_Y1; Fanout = 1; COMB Node = 'LessThan0~55'
    Info: 3: + IC(0.000 ns) + CELL(0.123 ns) = 3.085 ns; Loc. = LAB_X5_Y1; Fanout = 1; COMB Node = 'LessThan0~50'
    Info: 4: + IC(0.000 ns) + CELL(0.123 ns) = 3.208 ns; Loc. = LAB_X5_Y1; Fanout = 1; COMB Node = 'LessThan0~45'
    Info: 5: + IC(0.000 ns) + CELL(0.123 ns) = 3.331 ns; Loc. = LAB_X5_Y1; Fanout = 1; COMB Node = 'LessThan0~40'
    Info: 6: + IC(0.000 ns) + CELL(0.399 ns) = 3.730 ns; Loc. = LAB_X5_Y1; Fanout = 1; COMB Node = 'LessThan0~35'
    Info: 7: + IC(0.000 ns) + CELL(0.246 ns) = 3.976 ns; Loc. = LAB_X6_Y1; Fanout = 1; COMB Node = 'LessThan0~10'
    Info: 8: + IC(0.000 ns) + CELL(1.234 ns) = 5.210 ns; Loc. = LAB_X6_Y1; Fanout = 1; COMB Node = 'LessThan0~0'
    Info: 9: + IC(0.266 ns) + CELL(0.914 ns) = 6.390 ns; Loc. = LAB_X6_Y1; Fanout = 1; COMB Node = 'LessThan0~5'
    Info: 10: + IC(0.266 ns) + CELL(0.914 ns) = 7.570 ns; Loc. = LAB_X6_Y1; Fanout = 3; COMB Node = 'LessThan0~7'
    Info: 11: + IC(0.266 ns) + CELL(0.914 ns) = 8.750 ns; Loc. = LAB_X6_Y1; Fanout = 4; COMB Node = 'Add6~1'
    Info: 12: + IC(2.475 ns) + CELL(0.978 ns) = 12.203 ns; Loc. = LAB_X3_Y3; Fanout = 2; COMB Node = 'result[0]~34'
    Info: 13: + IC(0.000 ns) + CELL(0.123 ns) = 12.326 ns; Loc. = LAB_X3_Y3; Fanout = 2; COMB Node = 'result[1]~36'
    Info: 14: + IC(0.000 ns) + CELL(0.123 ns) = 12.449 ns; Loc. = LAB_X3_Y3; Fanout = 2; COMB Node = 'result[2]~38'
    Info: 15: + IC(0.000 ns) + CELL(0.123 ns) = 12.572 ns; Loc. = LAB_X3_Y3; Fanout = 2; COMB Node = 'result[3]~40'
    Info: 16: + IC(0.000 ns) + CELL(0.399 ns) = 12.971 ns; Loc. = LAB_X3_Y3; Fanout = 6; COMB Node = 'result[4]~42'
    Info: 17: + IC(0.000 ns) + CELL(0.246 ns) = 13.217 ns; Loc. = LAB_X4_Y3; Fanout = 1; COMB Node = 'result[9]~52'
    Info: 18: + IC(0.000 ns) + CELL(1.626 ns) = 14.843 ns; Loc. = LAB_X4_Y3; Fanout = 3; REG Node = 'result[10]~reg0'
    Info: Total cell delay = 9.355 ns ( 63.03 % )
    Info: Total interconnect delay = 5.488 ns ( 36.97 % )
Info: Fitter routing operations beginning
Info: Average interconnect usage is 25% of the available device resources
    Info: Peak interconnect usage is 25% of the available device resources in the region that extends from location X0_Y0 to location X8_Y5
Info: Fitter routing operations ending: elapsed time is 00:00:00
Info: The Fitter performed an Auto Fit compilation.  Optimizations were skipped to reduce compilation time.
    Info: Optimizations that may affect the design's routability were skipped
    Info: Optimizations that may affect the design's timing were skipped
Warning: The Reserve All Unused Pins setting has not been specified, and will default to 'As output driving ground'.
Info: Generated suppressed messages file G:/richtig/right.fit.smsg
Info: Quartus II Fitter was successful. 0 errors, 2 warnings
    Info: Peak virtual memory: 188 megabytes
    Info: Processing ended: Tue Jan 13 11:30:53 2015
    Info: Elapsed time: 00:00:11
    Info: Total CPU time (on all processors): 00:00:04


+----------------------------+
; Fitter Suppressed Messages ;
+----------------------------+
The suppressed messages can be found in G:/richtig/right.fit.smsg.


