Flow report for right
Tue Jan 13 11:31:11 2015
Quartus II Version 9.0 Build 132 02/25/2009 SJ Full Version


---------------------
; Table of Contents ;
---------------------
  1. Legal Notice
  2. Flow Summary
  3. Flow Settings
  4. Flow Non-Default Global Settings
  5. Flow Elapsed Time
  6. Flow OS Summary
  7. Flow Log



----------------
; Legal Notice ;
----------------
Copyright (C) 1991-2009 Altera Corporation
Your use of Altera Corporation's design tools, logic functions 
and other software and tools, and its AMPP partner logic 
functions, and any output files from any of the foregoing 
(including device programming or simulation files), and any 
associated documentation or information are expressly subject 
to the terms and conditions of the Altera Program License 
Subscription Agreement, Altera MegaCore Function License 
Agreement, or other applicable license agreement, including, 
without limitation, that your use is for the sole purpose of 
programming logic devices manufactured by Altera and sold by 
Altera or its authorized distributors.  Please refer to the 
applicable agreement for further details.



+--------------------------------------------------------------------+
; Flow Summary                                                       ;
+-------------------------+------------------------------------------+
; Flow Status             ; Successful - Tue Jan 13 11:31:11 2015    ;
; Quartus II Version      ; 9.0 Build 132 02/25/2009 SJ Full Version ;
; Revision Name           ; right                                    ;
; Top-level Entity Name   ; right                                    ;
; Family                  ; MAX II                                   ;
; Device                  ; EPM240T100C5                             ;
; Timing Models           ; Final                                    ;
; Met timing requirements ; No                                       ;
; Total logic elements    ; 229 / 240 ( 95 % )                       ;
; Total pins              ; 43 / 80 ( 54 % )                         ;
; Total virtual pins      ; 0                                        ;
; UFM blocks              ; 0 / 1 ( 0 % )                            ;
+-------------------------+------------------------------------------+


+-----------------------------------------+
; Flow Settings                           ;
+-------------------+---------------------+
; Option            ; Setting             ;
+-------------------+---------------------+
; Start date & time ; 01/13/2015 11:30:32 ;
; Main task         ; Compilation         ;
; Revision Name     ; right               ;
+-------------------+---------------------+


+-----------------------------------------------------------------------------------------------------------------------------------------------+
; Flow Non-Default Global Settings                                                                                                              ;
+---------------------------------------+--------------------------------------------------------+---------------+-------------+----------------+
; Assignment Name                       ; Value                                                  ; Default Value ; Entity Name ; Section Id     ;
+---------------------------------------+--------------------------------------------------------+---------------+-------------+----------------+
; COMPILER_SIGNATURE_ID                 ; 963362371290.142111983103980                           ; --            ; --          ; --             ;
; MAX_CORE_JUNCTION_TEMP                ; 85                                                     ; --            ; --          ; --             ;
; MIN_CORE_JUNCTION_TEMP                ; 0                                                      ; --            ; --          ; --             ;
; MISC_FILE                             ; D:/Documents and Settings/teacher/×ÀÃæ/right/right.dpf ; --            ; --          ; --             ;
; POWER_EXT_SUPPLY_VOLTAGE_TO_REGULATOR ; 3.3V                                                   ; --            ; --          ; --             ;
; USE_GENERATED_PHYSICAL_CONSTRAINTS    ; Off                                                    ; --            ; --          ; eda_blast_fpga ;
+---------------------------------------+--------------------------------------------------------+---------------+-------------+----------------+


+-----------------------------------------------------------------------------------------------------------------------------+
; Flow Elapsed Time                                                                                                           ;
+-------------------------+--------------+-------------------------+---------------------+------------------------------------+
; Module Name             ; Elapsed Time ; Average Processors Used ; Peak Virtual Memory ; Total CPU Time (on all processors) ;
+-------------------------+--------------+-------------------------+---------------------+------------------------------------+
; Analysis & Synthesis    ; 00:00:11     ; 1.0                     ; 170 MB              ; 00:00:04                           ;
; Fitter                  ; 00:00:11     ; 1.2                     ; 179 MB              ; 00:00:04                           ;
; Assembler               ; 00:00:06     ; 1.0                     ; 143 MB              ; 00:00:03                           ;
; Classic Timing Analyzer ; 00:00:05     ; 1.0                     ; 117 MB              ; 00:00:02                           ;
; Total                   ; 00:00:33     ; --                      ; --                  ; 00:00:13                           ;
+-------------------------+--------------+-------------------------+---------------------+------------------------------------+


+---------------------------------------------------------------------------------------+
; Flow OS Summary                                                                       ;
+-------------------------+------------------+------------+------------+----------------+
; Module Name             ; Machine Hostname ; OS Name    ; OS Version ; Processor type ;
+-------------------------+------------------+------------+------------+----------------+
; Analysis & Synthesis    ; 206-04           ; Windows XP ; 5.1        ; i1586          ;
; Fitter                  ; 206-04           ; Windows XP ; 5.1        ; i1586          ;
; Assembler               ; 206-04           ; Windows XP ; 5.1        ; i1586          ;
; Classic Timing Analyzer ; 206-04           ; Windows XP ; 5.1        ; i1586          ;
+-------------------------+------------------+------------+------------+----------------+


------------
; Flow Log ;
------------
quartus_map --read_settings_files=on --write_settings_files=off right -c right
quartus_fit --read_settings_files=off --write_settings_files=off right -c right
quartus_asm --read_settings_files=off --write_settings_files=off right -c right
quartus_tan --read_settings_files=off --write_settings_files=off right -c right



